{"meta": {"format": 3, "version": "7.13.1", "timestamp": "2026-02-18T19:12:07.623063", "branch_coverage": true, "show_contexts": false}, "files": {"src\\narrative_assistant\\pipelines\\__init__.py": {"executed_lines": [39, 49, 56, 63], "summary": {"covered_lines": 4, "num_statements": 4, "percent_covered": 100.0, "percent_covered_display": "100", "missing_lines": 0, "excluded_lines": 0, "percent_statements_covered": 100.0, "percent_statements_covered_display": "100", "num_branches": 0, "num_partial_branches": 0, "covered_branches": 0, "missing_branches": 0, "percent_branches_covered": 100.0, "percent_branches_covered_display": "100"}, "missing_lines": [], "excluded_lines": [], "executed_branches": [], "missing_branches": [], "functions": {"": {"executed_lines": [39, 49, 56, 63], "summary": {"covered_lines": 4, "num_statements": 4, "percent_covered": 100.0, "percent_covered_display": "100", "missing_lines": 0, "excluded_lines": 0, "percent_statements_covered": 100.0, "percent_statements_covered_display": "100", "num_branches": 0, "num_partial_branches": 0, "covered_branches": 0, "missing_branches": 0, "percent_branches_covered": 100.0, "percent_branches_covered_display": "100"}, "missing_lines": [], "excluded_lines": [], "start_line": 1, "executed_branches": [], "missing_branches": []}}, "classes": {"": {"executed_lines": [39, 49, 56, 63], "summary": {"covered_lines": 4, "num_statements": 4, "percent_covered": 100.0, "percent_covered_display": "100", "missing_lines": 0, "excluded_lines": 0, "percent_statements_covered": 100.0, "percent_statements_covered_display": "100", "num_branches": 0, "num_partial_branches": 0, "covered_branches": 0, "missing_branches": 0, "percent_branches_covered": 100.0, "percent_branches_covered_display": "100"}, "missing_lines": [], "excluded_lines": [], "start_line": 1, "executed_branches": [], "missing_branches": []}}}, "src\\narrative_assistant\\pipelines\\analysis_pipeline.py": {"executed_lines": [44, 45, 46, 47, 48, 54, 55, 56, 60, 64, 65, 66, 67, 68, 69, 74, 75, 76, 77, 78, 83, 86, 87, 88, 93, 94, 95, 96, 97, 98, 105, 112, 115, 116, 135, 136, 137, 138, 139, 140, 143, 144, 145, 146, 147, 149, 150, 151, 152, 155, 156, 159, 160, 161, 162, 163, 164, 167, 168, 171, 172, 173, 174, 175, 176, 177, 178, 181, 182, 201, 202, 203, 204, 205, 206, 207, 208, 209, 210, 211, 212, 213, 214, 217, 220, 223, 224, 225, 226, 227, 229, 230, 236, 237, 241, 242, 246, 247, 252, 719, 761, 775, 841, 888, 901, 907, 1142, 1202, 1232, 1299, 1346, 1376, 1464, 1516, 1596, 1680, 1742, 1759, 1878, 1961, 2180, 2274, 2360, 2431, 2515, 2602, 2675, 2755, 2837], "summary": {"covered_lines": 129, "num_statements": 1139, "percent_covered": 8.414872798434443, "percent_covered_display": "8", "missing_lines": 1010, "excluded_lines": 3, "percent_statements_covered": 11.325724319578578, "percent_statements_covered_display": "11", "num_branches": 394, "num_partial_branches": 0, "covered_branches": 0, "missing_branches": 394, "percent_branches_covered": 0.0, "percent_branches_covered_display": "0"}, "missing_lines": [232, 233, 234, 239, 244, 249, 278, 280, 287, 288, 289, 297, 299, 301, 302, 306, 309, 310, 311, 313, 314, 315, 316, 319, 320, 325, 326, 327, 328, 329, 335, 336, 339, 340, 343, 346, 347, 349, 350, 353, 354, 355, 356, 357, 358, 360, 361, 362, 363, 364, 367, 368, 369, 371, 374, 375, 376, 377, 379, 380, 381, 384, 387, 388, 389, 390, 392, 393, 396, 397, 398, 400, 401, 405, 406, 408, 411, 416, 417, 421, 435, 438, 439, 440, 441, 443, 446, 447, 448, 449, 450, 451, 453, 454, 455, 456, 461, 462, 463, 466, 467, 468, 470, 472, 473, 475, 478, 479, 480, 481, 483, 484, 486, 487, 491, 492, 493, 494, 495, 498, 499, 500, 502, 503, 504, 508, 509, 510, 511, 512, 513, 515, 516, 517, 520, 521, 522, 523, 524, 525, 530, 531, 533, 534, 535, 536, 537, 541, 542, 543, 544, 545, 547, 548, 549, 551, 552, 555, 556, 559, 560, 561, 563, 564, 565, 568, 569, 575, 576, 577, 579, 580, 581, 582, 583, 584, 587, 588, 595, 596, 603, 604, 607, 608, 609, 610, 611, 614, 615, 616, 617, 618, 620, 621, 622, 623, 624, 625, 626, 632, 633, 636, 637, 638, 639, 640, 645, 646, 647, 648, 649, 651, 652, 653, 654, 655, 656, 657, 663, 664, 667, 668, 669, 670, 671, 674, 675, 676, 677, 678, 680, 681, 682, 687, 688, 691, 692, 693, 694, 695, 698, 699, 705, 706, 708, 710, 711, 715, 716, 734, 735, 738, 739, 740, 741, 744, 745, 752, 753, 755, 756, 757, 758, 763, 764, 765, 766, 767, 768, 772, 787, 788, 790, 791, 792, 794, 801, 802, 803, 807, 808, 810, 811, 812, 813, 817, 820, 821, 822, 824, 830, 832, 833, 837, 838, 855, 856, 859, 861, 863, 865, 866, 872, 873, 874, 877, 878, 879, 880, 881, 882, 883, 885, 890, 891, 892, 893, 894, 898, 903, 904, 914, 915, 916, 919, 920, 921, 923, 926, 927, 928, 930, 933, 935, 938, 945, 947, 949, 950, 951, 958, 959, 962, 963, 964, 965, 968, 969, 970, 973, 976, 977, 980, 981, 982, 985, 988, 989, 992, 993, 994, 997, 998, 999, 1002, 1003, 1004, 1007, 1008, 1009, 1012, 1013, 1014, 1017, 1018, 1019, 1023, 1024, 1025, 1028, 1029, 1030, 1033, 1034, 1035, 1041, 1044, 1045, 1047, 1051, 1053, 1054, 1056, 1057, 1061, 1063, 1064, 1067, 1071, 1073, 1074, 1077, 1079, 1080, 1081, 1082, 1083, 1085, 1087, 1089, 1092, 1093, 1094, 1095, 1096, 1097, 1098, 1099, 1101, 1105, 1115, 1116, 1117, 1119, 1120, 1121, 1123, 1126, 1127, 1129, 1132, 1134, 1135, 1139, 1153, 1154, 1156, 1159, 1160, 1163, 1164, 1166, 1167, 1168, 1170, 1176, 1183, 1184, 1185, 1189, 1191, 1193, 1194, 1198, 1199, 1212, 1213, 1214, 1219, 1229, 1243, 1244, 1250, 1251, 1254, 1255, 1258, 1274, 1277, 1278, 1279, 1280, 1281, 1284, 1286, 1289, 1291, 1292, 1295, 1296, 1319, 1321, 1322, 1323, 1334, 1335, 1338, 1339, 1343, 1368, 1370, 1371, 1373, 1403, 1405, 1415, 1418, 1420, 1422, 1424, 1426, 1427, 1428, 1433, 1434, 1437, 1443, 1446, 1449, 1450, 1451, 1453, 1455, 1456, 1457, 1461, 1475, 1476, 1478, 1481, 1483, 1484, 1485, 1493, 1494, 1503, 1505, 1506, 1508, 1509, 1513, 1531, 1546, 1548, 1550, 1553, 1563, 1564, 1565, 1566, 1567, 1568, 1569, 1571, 1574, 1586, 1588, 1593, 1610, 1611, 1614, 1615, 1616, 1617, 1619, 1621, 1623, 1624, 1626, 1627, 1630, 1633, 1638, 1641, 1642, 1643, 1644, 1650, 1651, 1654, 1655, 1663, 1664, 1665, 1669, 1670, 1672, 1673, 1677, 1694, 1695, 1697, 1700, 1703, 1704, 1706, 1707, 1708, 1709, 1712, 1713, 1714, 1715, 1717, 1728, 1730, 1731, 1733, 1734, 1738, 1739, 1746, 1747, 1748, 1749, 1751, 1752, 1756, 1769, 1770, 1771, 1772, 1774, 1775, 1776, 1781, 1782, 1783, 1787, 1788, 1790, 1794, 1795, 1798, 1799, 1800, 1802, 1803, 1807, 1809, 1810, 1811, 1824, 1825, 1828, 1836, 1844, 1847, 1861, 1862, 1863, 1865, 1867, 1868, 1870, 1871, 1875, 1896, 1897, 1898, 1899, 1901, 1902, 1903, 1909, 1910, 1911, 1915, 1916, 1919, 1920, 1925, 1928, 1929, 1930, 1933, 1944, 1945, 1946, 1948, 1950, 1951, 1953, 1954, 1958, 1981, 1983, 1984, 1989, 1990, 1991, 1992, 1993, 1995, 1996, 1997, 1998, 2001, 2002, 2006, 2007, 2008, 2009, 2015, 2019, 2021, 2024, 2025, 2026, 2027, 2034, 2035, 2038, 2039, 2040, 2041, 2043, 2044, 2048, 2049, 2051, 2052, 2054, 2055, 2056, 2057, 2058, 2060, 2071, 2072, 2073, 2074, 2075, 2076, 2077, 2078, 2080, 2081, 2083, 2084, 2087, 2088, 2090, 2093, 2094, 2104, 2105, 2111, 2112, 2113, 2114, 2116, 2119, 2120, 2121, 2124, 2126, 2132, 2133, 2134, 2137, 2140, 2141, 2142, 2143, 2144, 2145, 2148, 2154, 2155, 2157, 2159, 2171, 2172, 2176, 2177, 2193, 2194, 2200, 2203, 2204, 2206, 2207, 2208, 2210, 2231, 2232, 2233, 2261, 2262, 2264, 2269, 2271, 2288, 2289, 2291, 2292, 2295, 2303, 2312, 2313, 2314, 2319, 2322, 2323, 2324, 2325, 2326, 2329, 2341, 2343, 2344, 2345, 2346, 2348, 2349, 2351, 2352, 2356, 2357, 2376, 2378, 2386, 2387, 2389, 2390, 2400, 2401, 2402, 2403, 2405, 2408, 2409, 2411, 2415, 2422, 2423, 2427, 2428, 2448, 2450, 2451, 2454, 2455, 2456, 2457, 2458, 2460, 2461, 2462, 2463, 2467, 2469, 2471, 2473, 2476, 2477, 2478, 2481, 2483, 2484, 2485, 2488, 2489, 2491, 2492, 2494, 2495, 2496, 2497, 2498, 2499, 2500, 2502, 2503, 2512, 2529, 2530, 2532, 2533, 2534, 2537, 2544, 2552, 2553, 2554, 2559, 2562, 2563, 2565, 2568, 2571, 2583, 2585, 2586, 2587, 2588, 2590, 2591, 2593, 2594, 2598, 2599, 2621, 2623, 2627, 2629, 2630, 2631, 2639, 2640, 2641, 2644, 2647, 2648, 2649, 2652, 2654, 2659, 2666, 2667, 2671, 2672, 2689, 2691, 2692, 2693, 2696, 2702, 2703, 2706, 2707, 2708, 2711, 2712, 2713, 2714, 2715, 2716, 2717, 2722, 2725, 2737, 2738, 2739, 2740, 2741, 2743, 2744, 2746, 2747, 2751, 2752, 2776, 2778, 2780, 2782, 2785, 2786, 2788, 2789, 2791, 2792, 2793, 2794, 2798, 2809, 2815, 2817, 2818, 2819, 2821, 2826, 2828, 2829, 2833, 2834, 2851, 2852, 2854, 2855, 2856, 2859, 2867, 2874, 2876, 2877, 2878, 2879, 2881, 2884, 2888, 2889, 2892, 2894, 2895, 2900, 2901, 2906, 2908, 2909, 2912, 2913, 2914, 2916, 2917, 2918, 2919, 2922, 2934, 2935, 2936, 2937, 2938, 2940, 2941, 2943, 2944, 2948, 2949], "excluded_lines": [50, 51, 52], "executed_branches": [], "missing_branches": [[232, 233], [232, 234], [301, 302], [301, 309], [310, 311], [310, 313], [335, 336], [335, 339], [346, 347], [346, 349], [353, 354], [353, 367], [356, 357], [356, 360], [368, 369], [368, 371], [375, 376], [375, 379], [387, 388], [387, 446], [390, 392], [390, 435], [398, 400], [398, 408], [401, 405], [401, 406], [416, 417], [416, 421], [439, 440], [439, 443], [447, 448], [447, 461], [449, 450], [449, 453], [462, 463], [462, 508], [466, 467], [466, 470], [472, 473], [472, 475], [479, 480], [479, 483], [491, 492], [491, 508], [493, 494], [493, 508], [498, 499], [498, 502], [508, 509], [508, 530], [511, 512], [511, 515], [520, 521], [520, 530], [531, 533], [531, 555], [534, 535], [534, 551], [541, 542], [541, 555], [543, 544], [543, 547], [555, 556], [555, 568], [559, 560], [559, 563], [568, 569], [568, 614], [575, 576], [575, 579], [595, 596], [595, 603], [603, 604], [603, 614], [607, 608], [607, 614], [614, 615], [614, 645], [616, 617], [616, 620], [632, 633], [632, 645], [636, 637], [636, 645], [645, 646], [645, 674], [647, 648], [647, 651], [663, 664], [663, 674], [667, 668], [667, 674], [674, 675], [674, 698], [676, 677], [676, 680], [687, 688], [687, 698], [691, 692], [691, 698], [705, 706], [705, 708], [739, 740], [739, 744], [752, 753], [752, 755], [810, 811], [810, 820], [859, 861], [859, 872], [872, 873], [872, 877], [877, 878], [877, 885], [920, 921], [920, 923], [926, 927], [926, 930], [947, 949], [947, 1085], [958, 959], [958, 962], [962, 963], [962, 964], [964, 965], [964, 968], [969, 970], [969, 973], [976, 977], [976, 980], [981, 982], [981, 985], [988, 989], [988, 992], [993, 994], [993, 997], [998, 999], [998, 1002], [1003, 1004], [1003, 1007], [1008, 1009], [1008, 1012], [1013, 1014], [1013, 1017], [1018, 1019], [1018, 1023], [1024, 1025], [1024, 1028], [1029, 1030], [1029, 1033], [1034, 1035], [1034, 1041], [1047, 1051], [1047, 1079], [1051, 1053], [1051, 1061], [1053, 1054], [1053, 1056], [1061, 1063], [1061, 1071], [1071, 1047], [1071, 1073], [1079, 1080], [1079, 1082], [1082, 947], [1082, 1083], [1087, 1089], [1087, 1129], [1092, 1093], [1092, 1094], [1094, 1095], [1094, 1096], [1096, 1097], [1096, 1098], [1098, 1099], [1098, 1101], [1117, 1119], [1117, 1123], [1163, 1164], [1163, 1191], [1164, 1163], [1164, 1166], [1183, 1184], [1183, 1189], [1213, 1214], [1213, 1229], [1278, 1279], [1278, 1286], [1279, 1278], [1279, 1280], [1322, 1323], [1322, 1343], [1338, 1322], [1338, 1339], [1370, 1371], [1370, 1373], [1424, 1426], [1424, 1437], [1427, 1428], [1427, 1443], [1483, 1484], [1483, 1503], [1493, 1483], [1493, 1494], [1548, 1550], [1548, 1593], [1553, 1563], [1553, 1564], [1564, 1565], [1564, 1566], [1566, 1567], [1566, 1568], [1568, 1569], [1568, 1571], [1615, 1616], [1615, 1619], [1616, 1615], [1616, 1617], [1621, 1623], [1621, 1669], [1626, 1627], [1626, 1633], [1642, 1643], [1642, 1654], [1650, 1651], [1650, 1654], [1704, 1706], [1704, 1730], [1775, 1776], [1775, 1867], [1781, 1782], [1781, 1787], [1788, 1790], [1788, 1807], [1794, 1795], [1794, 1798], [1798, 1799], [1798, 1802], [1807, 1809], [1807, 1828], [1810, 1811], [1810, 1824], [1861, 1862], [1861, 1865], [1902, 1903], [1902, 1950], [1910, 1911], [1910, 1928], [1915, 1916], [1915, 1919], [1919, 1920], [1919, 1925], [1928, 1929], [1928, 1933], [1944, 1945], [1944, 1948], [1990, 1991], [1990, 2006], [2006, 2007], [2006, 2021], [2008, 2009], [2008, 2015], [2025, 2026], [2025, 2090], [2039, 2040], [2039, 2043], [2040, 2039], [2040, 2041], [2043, 2044], [2043, 2083], [2048, 2049], [2048, 2051], [2054, 2043], [2054, 2055], [2056, 2054], [2056, 2057], [2071, 2072], [2071, 2073], [2073, 2074], [2073, 2075], [2075, 2076], [2075, 2077], [2077, 2078], [2077, 2080], [2083, 2084], [2083, 2090], [2119, 2120], [2119, 2132], [2141, 2142], [2141, 2148], [2142, 2141], [2142, 2143], [2143, 2144], [2143, 2145], [2154, 2155], [2154, 2157], [2204, 2206], [2204, 2231], [2207, 2208], [2207, 2210], [2232, 2233], [2232, 2261], [2312, 2313], [2312, 2348], [2323, 2324], [2323, 2325], [2325, 2326], [2325, 2329], [2341, 2312], [2341, 2343], [2344, 2312], [2344, 2345], [2387, 2389], [2387, 2400], [2402, 2403], [2402, 2405], [2455, 2456], [2455, 2467], [2456, 2455], [2456, 2457], [2461, 2455], [2461, 2462], [2462, 2461], [2462, 2463], [2476, 2477], [2476, 2481], [2477, 2476], [2477, 2478], [2483, 2484], [2483, 2512], [2484, 2485], [2484, 2488], [2494, 2495], [2494, 2502], [2496, 2494], [2496, 2497], [2498, 2494], [2498, 2499], [2502, 2483], [2502, 2503], [2552, 2553], [2552, 2590], [2563, 2565], [2563, 2571], [2583, 2552], [2583, 2585], [2586, 2552], [2586, 2587], [2629, 2630], [2629, 2639], [2640, 2641], [2640, 2644], [2648, 2649], [2648, 2654], [2702, 2703], [2702, 2743], [2707, 2708], [2707, 2711], [2712, 2713], [2712, 2714], [2714, 2715], [2714, 2716], [2716, 2717], [2716, 2725], [2737, 2702], [2737, 2738], [2739, 2702], [2739, 2740], [2788, 2789], [2788, 2821], [2792, 2793], [2792, 2798], [2874, 2876], [2874, 2940], [2876, 2877], [2876, 2878], [2878, 2879], [2878, 2881], [2888, 2889], [2888, 2892], [2894, 2895], [2894, 2900], [2900, 2901], [2900, 2908], [2908, 2909], [2908, 2912], [2913, 2914], [2913, 2922], [2918, 2919], [2918, 2922], [2934, 2874], [2934, 2935], [2936, 2874], [2936, 2937]], "functions": {"AnalysisReport.duration_seconds": {"executed_lines": [], "summary": {"covered_lines": 0, "num_statements": 3, "percent_covered": 0.0, "percent_covered_display": "0", "missing_lines": 3, "excluded_lines": 0, "percent_statements_covered": 0.0, "percent_statements_covered_display": "0", "num_branches": 2, "num_partial_branches": 0, "covered_branches": 0, "missing_branches": 2, "percent_branches_covered": 0.0, "percent_branches_covered_display": "0"}, "missing_lines": [232, 233, 234], "excluded_lines": [], "start_line": 230, "executed_branches": [], "missing_branches": [[232, 233], [232, 234]]}, "AnalysisReport.has_errors": {"executed_lines": [], "summary": {"covered_lines": 0, "num_statements": 1, "percent_covered": 0.0, "percent_covered_display": "0", "missing_lines": 1, "excluded_lines": 0, "percent_statements_covered": 0.0, "percent_statements_covered_display": "0", "num_branches": 0, "num_partial_branches": 0, "covered_branches": 0, "missing_branches": 0, "percent_branches_covered": 100.0, "percent_branches_covered_display": "100"}, "missing_lines": [239], "excluded_lines": [], "start_line": 237, "executed_branches": [], "missing_branches": []}, "AnalysisReport.critical_alerts": {"executed_lines": [], "summary": {"covered_lines": 0, "num_statements": 1, "percent_covered": 0.0, "percent_covered_display": "0", "missing_lines": 1, "excluded_lines": 0, "percent_statements_covered": 0.0, "percent_statements_covered_display": "0", "num_branches": 0, "num_partial_branches": 0, "covered_branches": 0, "missing_branches": 0, "percent_branches_covered": 100.0, "percent_branches_covered_display": "100"}, "missing_lines": [244], "excluded_lines": [], "start_line": 242, "executed_branches": [], "missing_branches": []}, "AnalysisReport.warning_alerts": {"executed_lines": [], "summary": {"covered_lines": 0, "num_statements": 1, "percent_covered": 0.0, "percent_covered_display": "0", "missing_lines": 1, "excluded_lines": 0, "percent_statements_covered": 0.0, "percent_statements_covered_display": "0", "num_branches": 0, "num_partial_branches": 0, "covered_branches": 0, "missing_branches": 0, "percent_branches_covered": 100.0, "percent_branches_covered_display": "100"}, "missing_lines": [249], "excluded_lines": [], "start_line": 247, "executed_branches": [], "missing_branches": []}, "run_full_analysis": {"executed_lines": [], "summary": {"covered_lines": 0, "num_statements": 243, "percent_covered": 0.0, "percent_covered_display": "0", "missing_lines": 243, "excluded_lines": 0, "percent_statements_covered": 0.0, "percent_statements_covered_display": "0", "num_branches": 100, "num_partial_branches": 0, "covered_branches": 0, "missing_branches": 100, "percent_branches_covered": 0.0, "percent_branches_covered_display": "0"}, "missing_lines": [278, 280, 287, 288, 289, 297, 299, 301, 302, 306, 309, 310, 311, 313, 314, 315, 316, 319, 320, 325, 326, 327, 328, 329, 335, 336, 339, 340, 343, 346, 347, 349, 350, 353, 354, 355, 356, 357, 358, 360, 361, 362, 363, 364, 367, 368, 369, 371, 374, 375, 376, 377, 379, 380, 381, 384, 387, 388, 389, 390, 392, 393, 396, 397, 398, 400, 401, 405, 406, 408, 411, 416, 417, 421, 435, 438, 439, 440, 441, 443, 446, 447, 448, 449, 450, 451, 453, 454, 455, 456, 461, 462, 463, 466, 467, 468, 470, 472, 473, 475, 478, 479, 480, 481, 483, 484, 486, 487, 491, 492, 493, 494, 495, 498, 499, 500, 502, 503, 504, 508, 509, 510, 511, 512, 513, 515, 516, 517, 520, 521, 522, 523, 524, 525, 530, 531, 533, 534, 535, 536, 537, 541, 542, 543, 544, 545, 547, 548, 549, 551, 552, 555, 556, 559, 560, 561, 563, 564, 565, 568, 569, 575, 576, 577, 579, 580, 581, 582, 583, 584, 587, 588, 595, 596, 603, 604, 607, 608, 609, 610, 611, 614, 615, 616, 617, 618, 620, 621, 622, 623, 624, 625, 626, 632, 633, 636, 637, 638, 639, 640, 645, 646, 647, 648, 649, 651, 652, 653, 654, 655, 656, 657, 663, 664, 667, 668, 669, 670, 671, 674, 675, 676, 677, 678, 680, 681, 682, 687, 688, 691, 692, 693, 694, 695, 698, 699, 705, 706, 708, 710, 711, 715, 716], "excluded_lines": [], "start_line": 252, "executed_branches": [], "missing_branches": [[301, 302], [301, 309], [310, 311], [310, 313], [335, 336], [335, 339], [346, 347], [346, 349], [353, 354], [353, 367], [356, 357], [356, 360], [368, 369], [368, 371], [375, 376], [375, 379], [387, 388], [387, 446], [390, 392], [390, 435], [398, 400], [398, 408], [401, 405], [401, 406], [416, 417], [416, 421], [439, 440], [439, 443], [447, 448], [447, 461], [449, 450], [449, 453], [462, 463], [462, 508], [466, 467], [466, 470], [472, 473], [472, 475], [479, 480], [479, 483], [491, 492], [491, 508], [493, 494], [493, 508], [498, 499], [498, 502], [508, 509], [508, 530], [511, 512], [511, 515], [520, 521], [520, 530], [531, 533], [531, 555], [534, 535], [534, 551], [541, 542], [541, 555], [543, 544], [543, 547], [555, 556], [555, 568], [559, 560], [559, 563], [568, 569], [568, 614], [575, 576], [575, 579], [595, 596], [595, 603], [603, 604], [603, 614], [607, 608], [607, 614], [614, 615], [614, 645], [616, 617], [616, 620], [632, 633], [632, 645], [636, 637], [636, 645], [645, 646], [645, 674], [647, 648], [647, 651], [663, 664], [663, 674], [667, 668], [667, 674], [674, 675], [674, 698], [676, 677], [676, 680], [687, 688], [687, 698], [691, 692], [691, 698], [705, 706], [705, 708]]}, "_get_or_create_project_with_text": {"executed_lines": [], "summary": {"covered_lines": 0, "num_statements": 14, "percent_covered": 0.0, "percent_covered_display": "0", "missing_lines": 14, "excluded_lines": 0, "percent_statements_covered": 0.0, "percent_statements_covered_display": "0", "num_branches": 4, "num_partial_branches": 0, "covered_branches": 0, "missing_branches": 4, "percent_branches_covered": 0.0, "percent_branches_covered_display": "0"}, "missing_lines": [734, 735, 738, 739, 740, 741, 744, 745, 752, 753, 755, 756, 757, 758], "excluded_lines": [], "start_line": 719, "executed_branches": [], "missing_branches": [[739, 740], [739, 744], [752, 753], [752, 755]]}, "_create_session": {"executed_lines": [], "summary": {"covered_lines": 0, "num_statements": 7, "percent_covered": 0.0, "percent_covered_display": "0", "missing_lines": 7, "excluded_lines": 0, "percent_statements_covered": 0.0, "percent_statements_covered_display": "0", "num_branches": 0, "num_partial_branches": 0, "covered_branches": 0, "missing_branches": 0, "percent_branches_covered": 100.0, "percent_branches_covered_display": "100"}, "missing_lines": [763, 764, 765, 766, 767, 768, 772], "excluded_lines": [], "start_line": 761, "executed_branches": [], "missing_branches": []}, "_clear_project_data": {"executed_lines": [], "summary": {"covered_lines": 0, "num_statements": 25, "percent_covered": 0.0, "percent_covered_display": "0", "missing_lines": 25, "excluded_lines": 0, "percent_statements_covered": 0.0, "percent_statements_covered_display": "0", "num_branches": 2, "num_partial_branches": 0, "covered_branches": 0, "missing_branches": 2, "percent_branches_covered": 0.0, "percent_branches_covered_display": "0"}, "missing_lines": [787, 788, 790, 791, 792, 794, 801, 802, 803, 807, 808, 810, 811, 812, 813, 817, 820, 821, 822, 824, 830, 832, 833, 837, 838], "excluded_lines": [], "start_line": 775, "executed_branches": [], "missing_branches": [[810, 811], [810, 820]]}, "_adjust_config_for_document_type": {"executed_lines": [], "summary": {"covered_lines": 0, "num_statements": 18, "percent_covered": 0.0, "percent_covered_display": "0", "missing_lines": 18, "excluded_lines": 0, "percent_statements_covered": 0.0, "percent_statements_covered_display": "0", "num_branches": 6, "num_partial_branches": 0, "covered_branches": 0, "missing_branches": 6, "percent_branches_covered": 0.0, "percent_branches_covered_display": "0"}, "missing_lines": [855, 856, 859, 861, 863, 865, 866, 872, 873, 874, 877, 878, 879, 880, 881, 882, 883, 885], "excluded_lines": [], "start_line": 841, "executed_branches": [], "missing_branches": [[859, 861], [859, 872], [872, 873], [872, 877], [877, 878], [877, 885]]}, "_parse_document": {"executed_lines": [], "summary": {"covered_lines": 0, "num_statements": 6, "percent_covered": 0.0, "percent_covered_display": "0", "missing_lines": 6, "excluded_lines": 0, "percent_statements_covered": 0.0, "percent_statements_covered_display": "0", "num_branches": 0, "num_partial_branches": 0, "covered_branches": 0, "missing_branches": 0, "percent_branches_covered": 100.0, "percent_branches_covered_display": "100"}, "missing_lines": [890, 891, 892, 893, 894, 898], "excluded_lines": [], "start_line": 888, "executed_branches": [], "missing_branches": []}, "_detect_structure": {"executed_lines": [], "summary": {"covered_lines": 0, "num_statements": 2, "percent_covered": 0.0, "percent_covered_display": "0", "missing_lines": 2, "excluded_lines": 0, "percent_statements_covered": 0.0, "percent_statements_covered_display": "0", "num_branches": 0, "num_partial_branches": 0, "covered_branches": 0, "missing_branches": 0, "percent_branches_covered": 100.0, "percent_branches_covered_display": "100"}, "missing_lines": [903, 904], "excluded_lines": [], "start_line": 901, "executed_branches": [], "missing_branches": []}, "_run_ner": {"executed_lines": [], "summary": {"covered_lines": 0, "num_statements": 113, "percent_covered": 0.0, "percent_covered_display": "0", "missing_lines": 113, "excluded_lines": 0, "percent_statements_covered": 0.0, "percent_statements_covered_display": "0", "num_branches": 64, "num_partial_branches": 0, "covered_branches": 0, "missing_branches": 64, "percent_branches_covered": 0.0, "percent_branches_covered_display": "0"}, "missing_lines": [914, 915, 916, 919, 920, 921, 923, 926, 927, 928, 930, 933, 935, 938, 945, 947, 949, 950, 951, 958, 959, 962, 963, 964, 965, 968, 969, 970, 973, 976, 977, 980, 981, 982, 985, 988, 989, 992, 993, 994, 997, 998, 999, 1002, 1003, 1004, 1007, 1008, 1009, 1012, 1013, 1014, 1017, 1018, 1019, 1023, 1024, 1025, 1028, 1029, 1030, 1033, 1034, 1035, 1041, 1044, 1045, 1047, 1051, 1053, 1054, 1056, 1057, 1061, 1063, 1064, 1067, 1071, 1073, 1074, 1077, 1079, 1080, 1081, 1082, 1083, 1085, 1087, 1089, 1092, 1093, 1094, 1095, 1096, 1097, 1098, 1099, 1101, 1105, 1115, 1116, 1117, 1119, 1120, 1121, 1123, 1126, 1127, 1129, 1132, 1134, 1135, 1139], "excluded_lines": [], "start_line": 907, "executed_branches": [], "missing_branches": [[920, 921], [920, 923], [926, 927], [926, 930], [947, 949], [947, 1085], [958, 959], [958, 962], [962, 963], [962, 964], [964, 965], [964, 968], [969, 970], [969, 973], [976, 977], [976, 980], [981, 982], [981, 985], [988, 989], [988, 992], [993, 994], [993, 997], [998, 999], [998, 1002], [1003, 1004], [1003, 1007], [1008, 1009], [1008, 1012], [1013, 1014], [1013, 1017], [1018, 1019], [1018, 1023], [1024, 1025], [1024, 1028], [1029, 1030], [1029, 1033], [1034, 1035], [1034, 1041], [1047, 1051], [1047, 1079], [1051, 1053], [1051, 1061], [1053, 1054], [1053, 1056], [1061, 1063], [1061, 1071], [1071, 1047], [1071, 1073], [1079, 1080], [1079, 1082], [1082, 947], [1082, 1083], [1087, 1089], [1087, 1129], [1092, 1093], [1092, 1094], [1094, 1095], [1094, 1096], [1096, 1097], [1096, 1098], [1098, 1099], [1098, 1101], [1117, 1119], [1117, 1123]]}, "_run_entity_fusion": {"executed_lines": [], "summary": {"covered_lines": 0, "num_statements": 21, "percent_covered": 0.0, "percent_covered_display": "0", "missing_lines": 21, "excluded_lines": 0, "percent_statements_covered": 0.0, "percent_statements_covered_display": "0", "num_branches": 6, "num_partial_branches": 0, "covered_branches": 0, "missing_branches": 6, "percent_branches_covered": 0.0, "percent_branches_covered_display": "0"}, "missing_lines": [1153, 1154, 1156, 1159, 1160, 1163, 1164, 1166, 1167, 1168, 1170, 1176, 1183, 1184, 1185, 1189, 1191, 1193, 1194, 1198, 1199], "excluded_lines": [], "start_line": 1142, "executed_branches": [], "missing_branches": [[1163, 1164], [1163, 1191], [1164, 1163], [1164, 1166], [1183, 1184], [1183, 1189]]}, "_convert_sections_to_info": {"executed_lines": [], "summary": {"covered_lines": 0, "num_statements": 5, "percent_covered": 0.0, "percent_covered_display": "0", "missing_lines": 5, "excluded_lines": 0, "percent_statements_covered": 0.0, "percent_statements_covered_display": "0", "num_branches": 2, "num_partial_branches": 0, "covered_branches": 0, "missing_branches": 2, "percent_branches_covered": 0.0, "percent_branches_covered_display": "0"}, "missing_lines": [1212, 1213, 1214, 1219, 1229], "excluded_lines": [], "start_line": 1202, "executed_branches": [], "missing_branches": [[1213, 1214], [1213, 1229]]}, "_persist_chapters": {"executed_lines": [], "summary": {"covered_lines": 0, "num_statements": 20, "percent_covered": 0.0, "percent_covered_display": "0", "missing_lines": 20, "excluded_lines": 0, "percent_statements_covered": 0.0, "percent_statements_covered_display": "0", "num_branches": 4, "num_partial_branches": 0, "covered_branches": 0, "missing_branches": 4, "percent_branches_covered": 0.0, "percent_branches_covered_display": "0"}, "missing_lines": [1243, 1244, 1250, 1251, 1254, 1255, 1258, 1274, 1277, 1278, 1279, 1280, 1281, 1284, 1286, 1289, 1291, 1292, 1295, 1296], "excluded_lines": [], "start_line": 1232, "executed_branches": [], "missing_branches": [[1278, 1279], [1278, 1286], [1279, 1278], [1279, 1280]]}, "_persist_sections_recursive": {"executed_lines": [], "summary": {"covered_lines": 0, "num_statements": 9, "percent_covered": 0.0, "percent_covered_display": "0", "missing_lines": 9, "excluded_lines": 0, "percent_statements_covered": 0.0, "percent_statements_covered_display": "0", "num_branches": 4, "num_partial_branches": 0, "covered_branches": 0, "missing_branches": 4, "percent_branches_covered": 0.0, "percent_branches_covered_display": "0"}, "missing_lines": [1319, 1321, 1322, 1323, 1334, 1335, 1338, 1339, 1343], "excluded_lines": [], "start_line": 1299, "executed_branches": [], "missing_branches": [[1322, 1323], [1322, 1343], [1338, 1322], [1338, 1339]]}, "_run_attribute_extraction": {"executed_lines": [], "summary": {"covered_lines": 0, "num_statements": 4, "percent_covered": 0.0, "percent_covered_display": "0", "missing_lines": 4, "excluded_lines": 0, "percent_statements_covered": 0.0, "percent_statements_covered_display": "0", "num_branches": 2, "num_partial_branches": 0, "covered_branches": 0, "missing_branches": 2, "percent_branches_covered": 0.0, "percent_branches_covered_display": "0"}, "missing_lines": [1368, 1370, 1371, 1373], "excluded_lines": [], "start_line": 1346, "executed_branches": [], "missing_branches": [[1370, 1371], [1370, 1373]]}, "_run_hybrid_attribute_extraction": {"executed_lines": [], "summary": {"covered_lines": 0, "num_statements": 22, "percent_covered": 0.0, "percent_covered_display": "0", "missing_lines": 22, "excluded_lines": 0, "percent_statements_covered": 0.0, "percent_statements_covered_display": "0", "num_branches": 4, "num_partial_branches": 0, "covered_branches": 0, "missing_branches": 4, "percent_branches_covered": 0.0, "percent_branches_covered_display": "0"}, "missing_lines": [1403, 1405, 1415, 1418, 1420, 1422, 1424, 1426, 1427, 1428, 1433, 1434, 1437, 1443, 1446, 1449, 1450, 1453, 1455, 1456, 1457, 1461], "excluded_lines": [], "start_line": 1376, "executed_branches": [], "missing_branches": [[1424, 1426], [1424, 1437], [1427, 1428], [1427, 1443]]}, "_run_hybrid_attribute_extraction.AttributeExtractionResult.__init__": {"executed_lines": [], "summary": {"covered_lines": 0, "num_statements": 1, "percent_covered": 0.0, "percent_covered_display": "0", "missing_lines": 1, "excluded_lines": 0, "percent_statements_covered": 0.0, "percent_statements_covered_display": "0", "num_branches": 0, "num_partial_branches": 0, "covered_branches": 0, "missing_branches": 0, "percent_branches_covered": 100.0, "percent_branches_covered_display": "100"}, "missing_lines": [1451], "excluded_lines": [], "start_line": 1450, "executed_branches": [], "missing_branches": []}, "_run_legacy_attribute_extraction": {"executed_lines": [], "summary": {"covered_lines": 0, "num_statements": 15, "percent_covered": 0.0, "percent_covered_display": "0", "missing_lines": 15, "excluded_lines": 0, "percent_statements_covered": 0.0, "percent_statements_covered_display": "0", "num_branches": 4, "num_partial_branches": 0, "covered_branches": 0, "missing_branches": 4, "percent_branches_covered": 0.0, "percent_branches_covered_display": "0"}, "missing_lines": [1475, 1476, 1478, 1481, 1483, 1484, 1485, 1493, 1494, 1503, 1505, 1506, 1508, 1509, 1513], "excluded_lines": [], "start_line": 1464, "executed_branches": [], "missing_branches": [[1483, 1484], [1483, 1503], [1493, 1483], [1493, 1494]]}, "_convert_to_legacy_format": {"executed_lines": [], "summary": {"covered_lines": 0, "num_statements": 17, "percent_covered": 0.0, "percent_covered_display": "0", "missing_lines": 17, "excluded_lines": 0, "percent_statements_covered": 0.0, "percent_statements_covered_display": "0", "num_branches": 10, "num_partial_branches": 0, "covered_branches": 0, "missing_branches": 10, "percent_branches_covered": 0.0, "percent_branches_covered_display": "0"}, "missing_lines": [1531, 1546, 1548, 1550, 1553, 1563, 1564, 1565, 1566, 1567, 1568, 1569, 1571, 1574, 1586, 1588, 1593], "excluded_lines": [], "start_line": 1516, "executed_branches": [], "missing_branches": [[1548, 1550], [1548, 1593], [1553, 1563], [1553, 1564], [1564, 1565], [1564, 1566], [1566, 1567], [1566, 1568], [1568, 1569], [1568, 1571]]}, "_persist_attributes": {"executed_lines": [], "summary": {"covered_lines": 0, "num_statements": 31, "percent_covered": 0.0, "percent_covered_display": "0", "missing_lines": 31, "excluded_lines": 0, "percent_statements_covered": 0.0, "percent_statements_covered_display": "0", "num_branches": 12, "num_partial_branches": 0, "covered_branches": 0, "missing_branches": 12, "percent_branches_covered": 0.0, "percent_branches_covered_display": "0"}, "missing_lines": [1610, 1611, 1614, 1615, 1616, 1617, 1619, 1621, 1623, 1624, 1626, 1627, 1630, 1633, 1638, 1641, 1642, 1643, 1644, 1650, 1651, 1654, 1655, 1663, 1664, 1665, 1669, 1670, 1672, 1673, 1677], "excluded_lines": [], "start_line": 1596, "executed_branches": [], "missing_branches": [[1615, 1616], [1615, 1619], [1616, 1615], [1616, 1617], [1621, 1623], [1621, 1669], [1626, 1627], [1626, 1633], [1642, 1643], [1642, 1654], [1650, 1651], [1650, 1654]]}, "_reload_attributes_from_db": {"executed_lines": [], "summary": {"covered_lines": 0, "num_statements": 22, "percent_covered": 0.0, "percent_covered_display": "0", "missing_lines": 22, "excluded_lines": 0, "percent_statements_covered": 0.0, "percent_statements_covered_display": "0", "num_branches": 2, "num_partial_branches": 0, "covered_branches": 0, "missing_branches": 2, "percent_branches_covered": 0.0, "percent_branches_covered_display": "0"}, "missing_lines": [1694, 1695, 1697, 1700, 1703, 1704, 1706, 1707, 1708, 1709, 1712, 1713, 1714, 1715, 1717, 1728, 1730, 1731, 1733, 1734, 1738, 1739], "excluded_lines": [], "start_line": 1680, "executed_branches": [], "missing_branches": [[1704, 1706], [1704, 1730]]}, "_run_consistency_analysis": {"executed_lines": [], "summary": {"covered_lines": 0, "num_statements": 7, "percent_covered": 0.0, "percent_covered_display": "0", "missing_lines": 7, "excluded_lines": 0, "percent_statements_covered": 0.0, "percent_statements_covered_display": "0", "num_branches": 0, "num_partial_branches": 0, "covered_branches": 0, "missing_branches": 0, "percent_branches_covered": 100.0, "percent_branches_covered_display": "100"}, "missing_lines": [1746, 1747, 1748, 1749, 1751, 1752, 1756], "excluded_lines": [], "start_line": 1742, "executed_branches": [], "missing_branches": []}, "_create_alerts_from_inconsistencies": {"executed_lines": [], "summary": {"covered_lines": 0, "num_statements": 39, "percent_covered": 0.0, "percent_covered_display": "0", "missing_lines": 39, "excluded_lines": 0, "percent_statements_covered": 0.0, "percent_statements_covered_display": "0", "num_branches": 16, "num_partial_branches": 0, "covered_branches": 0, "missing_branches": 16, "percent_branches_covered": 0.0, "percent_branches_covered_display": "0"}, "missing_lines": [1769, 1770, 1771, 1772, 1774, 1775, 1776, 1781, 1782, 1783, 1787, 1788, 1790, 1794, 1795, 1798, 1799, 1800, 1802, 1803, 1807, 1809, 1810, 1811, 1824, 1825, 1828, 1836, 1844, 1847, 1861, 1862, 1863, 1865, 1867, 1868, 1870, 1871, 1875], "excluded_lines": [], "start_line": 1759, "executed_branches": [], "missing_branches": [[1775, 1776], [1775, 1867], [1781, 1782], [1781, 1787], [1788, 1790], [1788, 1807], [1794, 1795], [1794, 1798], [1798, 1799], [1798, 1802], [1807, 1809], [1807, 1828], [1810, 1811], [1810, 1824], [1861, 1862], [1861, 1865]]}, "_create_alerts_from_ambiguous_attributes": {"executed_lines": [], "summary": {"covered_lines": 0, "num_statements": 28, "percent_covered": 0.0, "percent_covered_display": "0", "missing_lines": 28, "excluded_lines": 0, "percent_statements_covered": 0.0, "percent_statements_covered_display": "0", "num_branches": 12, "num_partial_branches": 0, "covered_branches": 0, "missing_branches": 12, "percent_branches_covered": 0.0, "percent_branches_covered_display": "0"}, "missing_lines": [1896, 1897, 1898, 1899, 1901, 1902, 1903, 1909, 1910, 1911, 1915, 1916, 1919, 1920, 1925, 1928, 1929, 1930, 1933, 1944, 1945, 1946, 1948, 1950, 1951, 1953, 1954, 1958], "excluded_lines": [], "start_line": 1878, "executed_branches": [], "missing_branches": [[1902, 1903], [1902, 1950], [1910, 1911], [1910, 1928], [1915, 1916], [1915, 1919], [1919, 1920], [1919, 1925], [1928, 1929], [1928, 1933], [1944, 1945], [1944, 1948]]}, "_run_temporal_analysis": {"executed_lines": [], "summary": {"covered_lines": 0, "num_statements": 91, "percent_covered": 0.0, "percent_covered_display": "0", "missing_lines": 91, "excluded_lines": 0, "percent_statements_covered": 0.0, "percent_statements_covered_display": "0", "num_branches": 40, "num_partial_branches": 0, "covered_branches": 0, "missing_branches": 40, "percent_branches_covered": 0.0, "percent_branches_covered_display": "0"}, "missing_lines": [1981, 1983, 1984, 1989, 1990, 1991, 1992, 1993, 1995, 1996, 1997, 1998, 2001, 2002, 2006, 2007, 2008, 2009, 2015, 2019, 2021, 2024, 2025, 2026, 2027, 2034, 2035, 2038, 2039, 2040, 2041, 2043, 2044, 2048, 2049, 2051, 2052, 2054, 2055, 2056, 2057, 2058, 2060, 2071, 2072, 2073, 2074, 2075, 2076, 2077, 2078, 2080, 2081, 2083, 2084, 2087, 2088, 2090, 2093, 2094, 2104, 2105, 2111, 2112, 2113, 2114, 2116, 2119, 2120, 2121, 2124, 2126, 2132, 2133, 2134, 2137, 2140, 2141, 2142, 2143, 2144, 2145, 2148, 2154, 2155, 2157, 2159, 2171, 2172, 2176, 2177], "excluded_lines": [], "start_line": 1961, "executed_branches": [], "missing_branches": [[1990, 1991], [1990, 2006], [2006, 2007], [2006, 2021], [2008, 2009], [2008, 2015], [2025, 2026], [2025, 2090], [2039, 2040], [2039, 2043], [2040, 2039], [2040, 2041], [2043, 2044], [2043, 2083], [2048, 2049], [2048, 2051], [2054, 2043], [2054, 2055], [2056, 2054], [2056, 2057], [2071, 2072], [2071, 2073], [2073, 2074], [2073, 2075], [2075, 2076], [2075, 2077], [2077, 2078], [2077, 2080], [2083, 2084], [2083, 2090], [2119, 2120], [2119, 2132], [2141, 2142], [2141, 2148], [2142, 2141], [2142, 2143], [2143, 2144], [2143, 2145], [2154, 2155], [2154, 2157]]}, "_persist_timeline": {"executed_lines": [], "summary": {"covered_lines": 0, "num_statements": 17, "percent_covered": 0.0, "percent_covered_display": "0", "missing_lines": 17, "excluded_lines": 0, "percent_statements_covered": 0.0, "percent_statements_covered_display": "0", "num_branches": 6, "num_partial_branches": 0, "covered_branches": 0, "missing_branches": 6, "percent_branches_covered": 0.0, "percent_branches_covered_display": "0"}, "missing_lines": [2193, 2194, 2200, 2203, 2204, 2206, 2207, 2208, 2210, 2231, 2232, 2233, 2261, 2262, 2264, 2269, 2271], "excluded_lines": [], "start_line": 2180, "executed_branches": [], "missing_branches": [[2204, 2206], [2204, 2231], [2207, 2208], [2207, 2210], [2232, 2233], [2232, 2261]]}, "_create_alerts_from_temporal_inconsistencies": {"executed_lines": [], "summary": {"covered_lines": 0, "num_statements": 27, "percent_covered": 0.0, "percent_covered_display": "0", "missing_lines": 27, "excluded_lines": 0, "percent_statements_covered": 0.0, "percent_statements_covered_display": "0", "num_branches": 10, "num_partial_branches": 0, "covered_branches": 0, "missing_branches": 10, "percent_branches_covered": 0.0, "percent_branches_covered_display": "0"}, "missing_lines": [2288, 2289, 2291, 2292, 2295, 2303, 2312, 2313, 2314, 2319, 2322, 2323, 2324, 2325, 2326, 2329, 2341, 2343, 2344, 2345, 2346, 2348, 2349, 2351, 2352, 2356, 2357], "excluded_lines": [], "start_line": 2274, "executed_branches": [], "missing_branches": [[2312, 2313], [2312, 2348], [2323, 2324], [2323, 2325], [2325, 2326], [2325, 2329], [2341, 2312], [2341, 2343], [2344, 2312], [2344, 2345]]}, "_run_voice_analysis": {"executed_lines": [], "summary": {"covered_lines": 0, "num_statements": 19, "percent_covered": 0.0, "percent_covered_display": "0", "missing_lines": 19, "excluded_lines": 0, "percent_statements_covered": 0.0, "percent_statements_covered_display": "0", "num_branches": 4, "num_partial_branches": 0, "covered_branches": 0, "missing_branches": 4, "percent_branches_covered": 0.0, "percent_branches_covered_display": "0"}, "missing_lines": [2376, 2378, 2386, 2387, 2389, 2390, 2400, 2401, 2402, 2403, 2405, 2408, 2409, 2411, 2415, 2422, 2423, 2427, 2428], "excluded_lines": [], "start_line": 2360, "executed_branches": [], "missing_branches": [[2387, 2389], [2387, 2400], [2402, 2403], [2402, 2405]]}, "_extract_dialogues_from_chapter": {"executed_lines": [], "summary": {"covered_lines": 0, "num_statements": 37, "percent_covered": 0.0, "percent_covered_display": "0", "missing_lines": 37, "excluded_lines": 0, "percent_statements_covered": 0.0, "percent_statements_covered_display": "0", "num_branches": 24, "num_partial_branches": 0, "covered_branches": 0, "missing_branches": 24, "percent_branches_covered": 0.0, "percent_branches_covered_display": "0"}, "missing_lines": [2448, 2450, 2451, 2454, 2455, 2456, 2457, 2458, 2460, 2461, 2462, 2463, 2467, 2469, 2471, 2473, 2476, 2477, 2478, 2481, 2483, 2484, 2485, 2488, 2489, 2491, 2492, 2494, 2495, 2496, 2497, 2498, 2499, 2500, 2502, 2503, 2512], "excluded_lines": [], "start_line": 2431, "executed_branches": [], "missing_branches": [[2455, 2456], [2455, 2467], [2456, 2455], [2456, 2457], [2461, 2455], [2461, 2462], [2462, 2461], [2462, 2463], [2476, 2477], [2476, 2481], [2477, 2476], [2477, 2478], [2483, 2484], [2483, 2512], [2484, 2485], [2484, 2488], [2494, 2495], [2494, 2502], [2496, 2494], [2496, 2497], [2498, 2494], [2498, 2499], [2502, 2483], [2502, 2503]]}, "_create_alerts_from_voice_deviations": {"executed_lines": [], "summary": {"covered_lines": 0, "num_statements": 27, "percent_covered": 0.0, "percent_covered_display": "0", "missing_lines": 27, "excluded_lines": 0, "percent_statements_covered": 0.0, "percent_statements_covered_display": "0", "num_branches": 8, "num_partial_branches": 0, "covered_branches": 0, "missing_branches": 8, "percent_branches_covered": 0.0, "percent_branches_covered_display": "0"}, "missing_lines": [2529, 2530, 2532, 2533, 2534, 2537, 2544, 2552, 2553, 2554, 2559, 2562, 2563, 2565, 2568, 2571, 2583, 2585, 2586, 2587, 2588, 2590, 2591, 2593, 2594, 2598, 2599], "excluded_lines": [], "start_line": 2515, "executed_branches": [], "missing_branches": [[2552, 2553], [2552, 2590], [2563, 2565], [2563, 2571], [2583, 2552], [2583, 2585], [2586, 2552], [2586, 2587]]}, "_run_focalization_analysis": {"executed_lines": [], "summary": {"covered_lines": 0, "num_statements": 20, "percent_covered": 0.0, "percent_covered_display": "0", "missing_lines": 20, "excluded_lines": 0, "percent_statements_covered": 0.0, "percent_statements_covered_display": "0", "num_branches": 6, "num_partial_branches": 0, "covered_branches": 0, "missing_branches": 6, "percent_branches_covered": 0.0, "percent_branches_covered_display": "0"}, "missing_lines": [2621, 2623, 2627, 2629, 2630, 2631, 2639, 2640, 2641, 2644, 2647, 2648, 2649, 2652, 2654, 2659, 2666, 2667, 2671, 2672], "excluded_lines": [], "start_line": 2602, "executed_branches": [], "missing_branches": [[2629, 2630], [2629, 2639], [2640, 2641], [2640, 2644], [2648, 2649], [2648, 2654]]}, "_create_alerts_from_focalization_violations": {"executed_lines": [], "summary": {"covered_lines": 0, "num_statements": 30, "percent_covered": 0.0, "percent_covered_display": "0", "missing_lines": 30, "excluded_lines": 0, "percent_statements_covered": 0.0, "percent_statements_covered_display": "0", "num_branches": 14, "num_partial_branches": 0, "covered_branches": 0, "missing_branches": 14, "percent_branches_covered": 0.0, "percent_branches_covered_display": "0"}, "missing_lines": [2689, 2691, 2692, 2693, 2696, 2702, 2703, 2706, 2707, 2708, 2711, 2712, 2713, 2714, 2715, 2716, 2717, 2722, 2725, 2737, 2738, 2739, 2740, 2741, 2743, 2744, 2746, 2747, 2751, 2752], "excluded_lines": [], "start_line": 2675, "executed_branches": [], "missing_branches": [[2702, 2703], [2702, 2743], [2707, 2708], [2707, 2711], [2712, 2713], [2712, 2714], [2714, 2715], [2714, 2716], [2716, 2717], [2716, 2725], [2737, 2702], [2737, 2738], [2739, 2702], [2739, 2740]]}, "_run_emotional_analysis": {"executed_lines": [], "summary": {"covered_lines": 0, "num_statements": 24, "percent_covered": 0.0, "percent_covered_display": "0", "missing_lines": 24, "excluded_lines": 0, "percent_statements_covered": 0.0, "percent_statements_covered_display": "0", "num_branches": 4, "num_partial_branches": 0, "covered_branches": 0, "missing_branches": 4, "percent_branches_covered": 0.0, "percent_branches_covered_display": "0"}, "missing_lines": [2776, 2778, 2780, 2782, 2785, 2786, 2788, 2789, 2791, 2792, 2793, 2794, 2798, 2809, 2815, 2817, 2818, 2819, 2821, 2826, 2828, 2829, 2833, 2834], "excluded_lines": [], "start_line": 2755, "executed_branches": [], "missing_branches": [[2788, 2789], [2788, 2821], [2792, 2793], [2792, 2798]]}, "_create_alerts_from_emotional_incoherences": {"executed_lines": [], "summary": {"covered_lines": 0, "num_statements": 43, "percent_covered": 0.0, "percent_covered_display": "0", "missing_lines": 43, "excluded_lines": 0, "percent_statements_covered": 0.0, "percent_statements_covered_display": "0", "num_branches": 22, "num_partial_branches": 0, "covered_branches": 0, "missing_branches": 22, "percent_branches_covered": 0.0, "percent_branches_covered_display": "0"}, "missing_lines": [2851, 2852, 2854, 2855, 2856, 2859, 2867, 2874, 2876, 2877, 2878, 2879, 2881, 2884, 2888, 2889, 2892, 2894, 2895, 2900, 2901, 2906, 2908, 2909, 2912, 2913, 2914, 2916, 2917, 2918, 2919, 2922, 2934, 2935, 2936, 2937, 2938, 2940, 2941, 2943, 2944, 2948, 2949], "excluded_lines": [], "start_line": 2837, "executed_branches": [], "missing_branches": [[2874, 2876], [2874, 2940], [2876, 2877], [2876, 2878], [2878, 2879], [2878, 2881], [2888, 2889], [2888, 2892], [2894, 2895], [2894, 2900], [2900, 2901], [2900, 2908], [2908, 2909], [2908, 2912], [2913, 2914], [2913, 2922], [2918, 2919], [2918, 2922], [2934, 2874], [2934, 2935], [2936, 2874], [2936, 2937]]}, "": {"executed_lines": [44, 45, 46, 47, 48, 54, 55, 56, 60, 64, 65, 66, 67, 68, 69, 74, 75, 76, 77, 78, 83, 86, 87, 88, 93, 94, 95, 96, 97, 98, 105, 112, 115, 116, 135, 136, 137, 138, 139, 140, 143, 144, 145, 146, 147, 149, 150, 151, 152, 155, 156, 159, 160, 161, 162, 163, 164, 167, 168, 171, 172, 173, 174, 175, 176, 177, 178, 181, 182, 201, 202, 203, 204, 205, 206, 207, 208, 209, 210, 211, 212, 213, 214, 217, 220, 223, 224, 225, 226, 227, 229, 230, 236, 237, 241, 242, 246, 247, 252, 719, 761, 775, 841, 888, 901, 907, 1142, 1202, 1232, 1299, 1346, 1376, 1464, 1516, 1596, 1680, 1742, 1759, 1878, 1961, 2180, 2274, 2360, 2431, 2515, 2602, 2675, 2755, 2837], "summary": {"covered_lines": 129, "num_statements": 129, "percent_covered": 100.0, "percent_covered_display": "100", "missing_lines": 0, "excluded_lines": 3, "percent_statements_covered": 100.0, "percent_statements_covered_display": "100", "num_branches": 0, "num_partial_branches": 0, "covered_branches": 0, "missing_branches": 0, "percent_branches_covered": 100.0, "percent_branches_covered_display": "100"}, "missing_lines": [], "excluded_lines": [50, 51, 52], "start_line": 1, "executed_branches": [], "missing_branches": []}}, "classes": {"PipelineConfig": {"executed_lines": [], "summary": {"covered_lines": 0, "num_statements": 0, "percent_covered": 100.0, "percent_covered_display": "100", "missing_lines": 0, "excluded_lines": 0, "percent_statements_covered": 100.0, "percent_statements_covered_display": "100", "num_branches": 0, "num_partial_branches": 0, "covered_branches": 0, "missing_branches": 0, "percent_branches_covered": 100.0, "percent_branches_covered_display": "100"}, "missing_lines": [], "excluded_lines": [], "start_line": 116, "executed_branches": [], "missing_branches": []}, "SectionInfo": {"executed_lines": [], "summary": {"covered_lines": 0, "num_statements": 0, "percent_covered": 100.0, "percent_covered_display": "100", "missing_lines": 0, "excluded_lines": 0, "percent_statements_covered": 100.0, "percent_statements_covered_display": "100", "num_branches": 0, "num_partial_branches": 0, "covered_branches": 0, "missing_branches": 0, "percent_branches_covered": 100.0, "percent_branches_covered_display": "100"}, "missing_lines": [], "excluded_lines": [], "start_line": 156, "executed_branches": [], "missing_branches": []}, "ChapterInfo": {"executed_lines": [], "summary": {"covered_lines": 0, "num_statements": 0, "percent_covered": 100.0, "percent_covered_display": "100", "missing_lines": 0, "excluded_lines": 0, "percent_statements_covered": 100.0, "percent_statements_covered_display": "100", "num_branches": 0, "num_partial_branches": 0, "covered_branches": 0, "missing_branches": 0, "percent_branches_covered": 100.0, "percent_branches_covered_display": "100"}, "missing_lines": [], "excluded_lines": [], "start_line": 168, "executed_branches": [], "missing_branches": []}, "AnalysisReport": {"executed_lines": [], "summary": {"covered_lines": 0, "num_statements": 6, "percent_covered": 0.0, "percent_covered_display": "0", "missing_lines": 6, "excluded_lines": 0, "percent_statements_covered": 0.0, "percent_statements_covered_display": "0", "num_branches": 2, "num_partial_branches": 0, "covered_branches": 0, "missing_branches": 2, "percent_branches_covered": 0.0, "percent_branches_covered_display": "0"}, "missing_lines": [232, 233, 234, 239, 244, 249], "excluded_lines": [], "start_line": 182, "executed_branches": [], "missing_branches": [[232, 233], [232, 234]]}, "_run_hybrid_attribute_extraction.AttributeExtractionResult": {"executed_lines": [], "summary": {"covered_lines": 0, "num_statements": 1, "percent_covered": 0.0, "percent_covered_display": "0", "missing_lines": 1, "excluded_lines": 0, "percent_statements_covered": 0.0, "percent_statements_covered_display": "0", "num_branches": 0, "num_partial_branches": 0, "covered_branches": 0, "missing_branches": 0, "percent_branches_covered": 100.0, "percent_branches_covered_display": "100"}, "missing_lines": [1451], "excluded_lines": [], "start_line": 1449, "executed_branches": [], "missing_branches": []}, "": {"executed_lines": [44, 45, 46, 47, 48, 54, 55, 56, 60, 64, 65, 66, 67, 68, 69, 74, 75, 76, 77, 78, 83, 86, 87, 88, 93, 94, 95, 96, 97, 98, 105, 112, 115, 116, 135, 136, 137, 138, 139, 140, 143, 144, 145, 146, 147, 149, 150, 151, 152, 155, 156, 159, 160, 161, 162, 163, 164, 167, 168, 171, 172, 173, 174, 175, 176, 177, 178, 181, 182, 201, 202, 203, 204, 205, 206, 207, 208, 209, 210, 211, 212, 213, 214, 217, 220, 223, 224, 225, 226, 227, 229, 230, 236, 237, 241, 242, 246, 247, 252, 719, 761, 775, 841, 888, 901, 907, 1142, 1202, 1232, 1299, 1346, 1376, 1464, 1516, 1596, 1680, 1742, 1759, 1878, 1961, 2180, 2274, 2360, 2431, 2515, 2602, 2675, 2755, 2837], "summary": {"covered_lines": 129, "num_statements": 1132, "percent_covered": 8.464566929133857, "percent_covered_display": "8", "missing_lines": 1003, "excluded_lines": 3, "percent_statements_covered": 11.395759717314487, "percent_statements_covered_display": "11", "num_branches": 392, "num_partial_branches": 0, "covered_branches": 0, "missing_branches": 392, "percent_branches_covered": 0.0, "percent_branches_covered_display": "0"}, "missing_lines": [278, 280, 287, 288, 289, 297, 299, 301, 302, 306, 309, 310, 311, 313, 314, 315, 316, 319, 320, 325, 326, 327, 328, 329, 335, 336, 339, 340, 343, 346, 347, 349, 350, 353, 354, 355, 356, 357, 358, 360, 361, 362, 363, 364, 367, 368, 369, 371, 374, 375, 376, 377, 379, 380, 381, 384, 387, 388, 389, 390, 392, 393, 396, 397, 398, 400, 401, 405, 406, 408, 411, 416, 417, 421, 435, 438, 439, 440, 441, 443, 446, 447, 448, 449, 450, 451, 453, 454, 455, 456, 461, 462, 463, 466, 467, 468, 470, 472, 473, 475, 478, 479, 480, 481, 483, 484, 486, 487, 491, 492, 493, 494, 495, 498, 499, 500, 502, 503, 504, 508, 509, 510, 511, 512, 513, 515, 516, 517, 520, 521, 522, 523, 524, 525, 530, 531, 533, 534, 535, 536, 537, 541, 542, 543, 544, 545, 547, 548, 549, 551, 552, 555, 556, 559, 560, 561, 563, 564, 565, 568, 569, 575, 576, 577, 579, 580, 581, 582, 583, 584, 587, 588, 595, 596, 603, 604, 607, 608, 609, 610, 611, 614, 615, 616, 617, 618, 620, 621, 622, 623, 624, 625, 626, 632, 633, 636, 637, 638, 639, 640, 645, 646, 647, 648, 649, 651, 652, 653, 654, 655, 656, 657, 663, 664, 667, 668, 669, 670, 671, 674, 675, 676, 677, 678, 680, 681, 682, 687, 688, 691, 692, 693, 694, 695, 698, 699, 705, 706, 708, 710, 711, 715, 716, 734, 735, 738, 739, 740, 741, 744, 745, 752, 753, 755, 756, 757, 758, 763, 764, 765, 766, 767, 768, 772, 787, 788, 790, 791, 792, 794, 801, 802, 803, 807, 808, 810, 811, 812, 813, 817, 820, 821, 822, 824, 830, 832, 833, 837, 838, 855, 856, 859, 861, 863, 865, 866, 872, 873, 874, 877, 878, 879, 880, 881, 882, 883, 885, 890, 891, 892, 893, 894, 898, 903, 904, 914, 915, 916, 919, 920, 921, 923, 926, 927, 928, 930, 933, 935, 938, 945, 947, 949, 950, 951, 958, 959, 962, 963, 964, 965, 968, 969, 970, 973, 976, 977, 980, 981, 982, 985, 988, 989, 992, 993, 994, 997, 998, 999, 1002, 1003, 1004, 1007, 1008, 1009, 1012, 1013, 1014, 1017, 1018, 1019, 1023, 1024, 1025, 1028, 1029, 1030, 1033, 1034, 1035, 1041, 1044, 1045, 1047, 1051, 1053, 1054, 1056, 1057, 1061, 1063, 1064, 1067, 1071, 1073, 1074, 1077, 1079, 1080, 1081, 1082, 1083, 1085, 1087, 1089, 1092, 1093, 1094, 1095, 1096, 1097, 1098, 1099, 1101, 1105, 1115, 1116, 1117, 1119, 1120, 1121, 1123, 1126, 1127, 1129, 1132, 1134, 1135, 1139, 1153, 1154, 1156, 1159, 1160, 1163, 1164, 1166, 1167, 1168, 1170, 1176, 1183, 1184, 1185, 1189, 1191, 1193, 1194, 1198, 1199, 1212, 1213, 1214, 1219, 1229, 1243, 1244, 1250, 1251, 1254, 1255, 1258, 1274, 1277, 1278, 1279, 1280, 1281, 1284, 1286, 1289, 1291, 1292, 1295, 1296, 1319, 1321, 1322, 1323, 1334, 1335, 1338, 1339, 1343, 1368, 1370, 1371, 1373, 1403, 1405, 1415, 1418, 1420, 1422, 1424, 1426, 1427, 1428, 1433, 1434, 1437, 1443, 1446, 1449, 1450, 1453, 1455, 1456, 1457, 1461, 1475, 1476, 1478, 1481, 1483, 1484, 1485, 1493, 1494, 1503, 1505, 1506, 1508, 1509, 1513, 1531, 1546, 1548, 1550, 1553, 1563, 1564, 1565, 1566, 1567, 1568, 1569, 1571, 1574, 1586, 1588, 1593, 1610, 1611, 1614, 1615, 1616, 1617, 1619, 1621, 1623, 1624, 1626, 1627, 1630, 1633, 1638, 1641, 1642, 1643, 1644, 1650, 1651, 1654, 1655, 1663, 1664, 1665, 1669, 1670, 1672, 1673, 1677, 1694, 1695, 1697, 1700, 1703, 1704, 1706, 1707, 1708, 1709, 1712, 1713, 1714, 1715, 1717, 1728, 1730, 1731, 1733, 1734, 1738, 1739, 1746, 1747, 1748, 1749, 1751, 1752, 1756, 1769, 1770, 1771, 1772, 1774, 1775, 1776, 1781, 1782, 1783, 1787, 1788, 1790, 1794, 1795, 1798, 1799, 1800, 1802, 1803, 1807, 1809, 1810, 1811, 1824, 1825, 1828, 1836, 1844, 1847, 1861, 1862, 1863, 1865, 1867, 1868, 1870, 1871, 1875, 1896, 1897, 1898, 1899, 1901, 1902, 1903, 1909, 1910, 1911, 1915, 1916, 1919, 1920, 1925, 1928, 1929, 1930, 1933, 1944, 1945, 1946, 1948, 1950, 1951, 1953, 1954, 1958, 1981, 1983, 1984, 1989, 1990, 1991, 1992, 1993, 1995, 1996, 1997, 1998, 2001, 2002, 2006, 2007, 2008, 2009, 2015, 2019, 2021, 2024, 2025, 2026, 2027, 2034, 2035, 2038, 2039, 2040, 2041, 2043, 2044, 2048, 2049, 2051, 2052, 2054, 2055, 2056, 2057, 2058, 2060, 2071, 2072, 2073, 2074, 2075, 2076, 2077, 2078, 2080, 2081, 2083, 2084, 2087, 2088, 2090, 2093, 2094, 2104, 2105, 2111, 2112, 2113, 2114, 2116, 2119, 2120, 2121, 2124, 2126, 2132, 2133, 2134, 2137, 2140, 2141, 2142, 2143, 2144, 2145, 2148, 2154, 2155, 2157, 2159, 2171, 2172, 2176, 2177, 2193, 2194, 2200, 2203, 2204, 2206, 2207, 2208, 2210, 2231, 2232, 2233, 2261, 2262, 2264, 2269, 2271, 2288, 2289, 2291, 2292, 2295, 2303, 2312, 2313, 2314, 2319, 2322, 2323, 2324, 2325, 2326, 2329, 2341, 2343, 2344, 2345, 2346, 2348, 2349, 2351, 2352, 2356, 2357, 2376, 2378, 2386, 2387, 2389, 2390, 2400, 2401, 2402, 2403, 2405, 2408, 2409, 2411, 2415, 2422, 2423, 2427, 2428, 2448, 2450, 2451, 2454, 2455, 2456, 2457, 2458, 2460, 2461, 2462, 2463, 2467, 2469, 2471, 2473, 2476, 2477, 2478, 2481, 2483, 2484, 2485, 2488, 2489, 2491, 2492, 2494, 2495, 2496, 2497, 2498, 2499, 2500, 2502, 2503, 2512, 2529, 2530, 2532, 2533, 2534, 2537, 2544, 2552, 2553, 2554, 2559, 2562, 2563, 2565, 2568, 2571, 2583, 2585, 2586, 2587, 2588, 2590, 2591, 2593, 2594, 2598, 2599, 2621, 2623, 2627, 2629, 2630, 2631, 2639, 2640, 2641, 2644, 2647, 2648, 2649, 2652, 2654, 2659, 2666, 2667, 2671, 2672, 2689, 2691, 2692, 2693, 2696, 2702, 2703, 2706, 2707, 2708, 2711, 2712, 2713, 2714, 2715, 2716, 2717, 2722, 2725, 2737, 2738, 2739, 2740, 2741, 2743, 2744, 2746, 2747, 2751, 2752, 2776, 2778, 2780, 2782, 2785, 2786, 2788, 2789, 2791, 2792, 2793, 2794, 2798, 2809, 2815, 2817, 2818, 2819, 2821, 2826, 2828, 2829, 2833, 2834, 2851, 2852, 2854, 2855, 2856, 2859, 2867, 2874, 2876, 2877, 2878, 2879, 2881, 2884, 2888, 2889, 2892, 2894, 2895, 2900, 2901, 2906, 2908, 2909, 2912, 2913, 2914, 2916, 2917, 2918, 2919, 2922, 2934, 2935, 2936, 2937, 2938, 2940, 2941, 2943, 2944, 2948, 2949], "excluded_lines": [50, 51, 52], "start_line": 1, "executed_branches": [], "missing_branches": [[301, 302], [301, 309], [310, 311], [310, 313], [335, 336], [335, 339], [346, 347], [346, 349], [353, 354], [353, 367], [356, 357], [356, 360], [368, 369], [368, 371], [375, 376], [375, 379], [387, 388], [387, 446], [390, 392], [390, 435], [398, 400], [398, 408], [401, 405], [401, 406], [416, 417], [416, 421], [439, 440], [439, 443], [447, 448], [447, 461], [449, 450], [449, 453], [462, 463], [462, 508], [466, 467], [466, 470], [472, 473], [472, 475], [479, 480], [479, 483], [491, 492], [491, 508], [493, 494], [493, 508], [498, 499], [498, 502], [508, 509], [508, 530], [511, 512], [511, 515], [520, 521], [520, 530], [531, 533], [531, 555], [534, 535], [534, 551], [541, 542], [541, 555], [543, 544], [543, 547], [555, 556], [555, 568], [559, 560], [559, 563], [568, 569], [568, 614], [575, 576], [575, 579], [595, 596], [595, 603], [603, 604], [603, 614], [607, 608], [607, 614], [614, 615], [614, 645], [616, 617], [616, 620], [632, 633], [632, 645], [636, 637], [636, 645], [645, 646], [645, 674], [647, 648], [647, 651], [663, 664], [663, 674], [667, 668], [667, 674], [674, 675], [674, 698], [676, 677], [676, 680], [687, 688], [687, 698], [691, 692], [691, 698], [705, 706], [705, 708], [739, 740], [739, 744], [752, 753], [752, 755], [810, 811], [810, 820], [859, 861], [859, 872], [872, 873], [872, 877], [877, 878], [877, 885], [920, 921], [920, 923], [926, 927], [926, 930], [947, 949], [947, 1085], [958, 959], [958, 962], [962, 963], [962, 964], [964, 965], [964, 968], [969, 970], [969, 973], [976, 977], [976, 980], [981, 982], [981, 985], [988, 989], [988, 992], [993, 994], [993, 997], [998, 999], [998, 1002], [1003, 1004], [1003, 1007], [1008, 1009], [1008, 1012], [1013, 1014], [1013, 1017], [1018, 1019], [1018, 1023], [1024, 1025], [1024, 1028], [1029, 1030], [1029, 1033], [1034, 1035], [1034, 1041], [1047, 1051], [1047, 1079], [1051, 1053], [1051, 1061], [1053, 1054], [1053, 1056], [1061, 1063], [1061, 1071], [1071, 1047], [1071, 1073], [1079, 1080], [1079, 1082], [1082, 947], [1082, 1083], [1087, 1089], [1087, 1129], [1092, 1093], [1092, 1094], [1094, 1095], [1094, 1096], [1096, 1097], [1096, 1098], [1098, 1099], [1098, 1101], [1117, 1119], [1117, 1123], [1163, 1164], [1163, 1191], [1164, 1163], [1164, 1166], [1183, 1184], [1183, 1189], [1213, 1214], [1213, 1229], [1278, 1279], [1278, 1286], [1279, 1278], [1279, 1280], [1322, 1323], [1322, 1343], [1338, 1322], [1338, 1339], [1370, 1371], [1370, 1373], [1424, 1426], [1424, 1437], [1427, 1428], [1427, 1443], [1483, 1484], [1483, 1503], [1493, 1483], [1493, 1494], [1548, 1550], [1548, 1593], [1553, 1563], [1553, 1564], [1564, 1565], [1564, 1566], [1566, 1567], [1566, 1568], [1568, 1569], [1568, 1571], [1615, 1616], [1615, 1619], [1616, 1615], [1616, 1617], [1621, 1623], [1621, 1669], [1626, 1627], [1626, 1633], [1642, 1643], [1642, 1654], [1650, 1651], [1650, 1654], [1704, 1706], [1704, 1730], [1775, 1776], [1775, 1867], [1781, 1782], [1781, 1787], [1788, 1790], [1788, 1807], [1794, 1795], [1794, 1798], [1798, 1799], [1798, 1802], [1807, 1809], [1807, 1828], [1810, 1811], [1810, 1824], [1861, 1862], [1861, 1865], [1902, 1903], [1902, 1950], [1910, 1911], [1910, 1928], [1915, 1916], [1915, 1919], [1919, 1920], [1919, 1925], [1928, 1929], [1928, 1933], [1944, 1945], [1944, 1948], [1990, 1991], [1990, 2006], [2006, 2007], [2006, 2021], [2008, 2009], [2008, 2015], [2025, 2026], [2025, 2090], [2039, 2040], [2039, 2043], [2040, 2039], [2040, 2041], [2043, 2044], [2043, 2083], [2048, 2049], [2048, 2051], [2054, 2043], [2054, 2055], [2056, 2054], [2056, 2057], [2071, 2072], [2071, 2073], [2073, 2074], [2073, 2075], [2075, 2076], [2075, 2077], [2077, 2078], [2077, 2080], [2083, 2084], [2083, 2090], [2119, 2120], [2119, 2132], [2141, 2142], [2141, 2148], [2142, 2141], [2142, 2143], [2143, 2144], [2143, 2145], [2154, 2155], [2154, 2157], [2204, 2206], [2204, 2231], [2207, 2208], [2207, 2210], [2232, 2233], [2232, 2261], [2312, 2313], [2312, 2348], [2323, 2324], [2323, 2325], [2325, 2326], [2325, 2329], [2341, 2312], [2341, 2343], [2344, 2312], [2344, 2345], [2387, 2389], [2387, 2400], [2402, 2403], [2402, 2405], [2455, 2456], [2455, 2467], [2456, 2455], [2456, 2457], [2461, 2455], [2461, 2462], [2462, 2461], [2462, 2463], [2476, 2477], [2476, 2481], [2477, 2476], [2477, 2478], [2483, 2484], [2483, 2512], [2484, 2485], [2484, 2488], [2494, 2495], [2494, 2502], [2496, 2494], [2496, 2497], [2498, 2494], [2498, 2499], [2502, 2483], [2502, 2503], [2552, 2553], [2552, 2590], [2563, 2565], [2563, 2571], [2583, 2552], [2583, 2585], [2586, 2552], [2586, 2587], [2629, 2630], [2629, 2639], [2640, 2641], [2640, 2644], [2648, 2649], [2648, 2654], [2702, 2703], [2702, 2743], [2707, 2708], [2707, 2711], [2712, 2713], [2712, 2714], [2714, 2715], [2714, 2716], [2716, 2717], [2716, 2725], [2737, 2702], [2737, 2738], [2739, 2702], [2739, 2740], [2788, 2789], [2788, 2821], [2792, 2793], [2792, 2798], [2874, 2876], [2874, 2940], [2876, 2877], [2876, 2878], [2878, 2879], [2878, 2881], [2888, 2889], [2888, 2892], [2894, 2895], [2894, 2900], [2900, 2901], [2900, 2908], [2908, 2909], [2908, 2912], [2913, 2914], [2913, 2922], [2918, 2919], [2918, 2922], [2934, 2874], [2934, 2935], [2936, 2874], [2936, 2937]]}}}, "src\\narrative_assistant\\pipelines\\export.py": {"executed_lines": [12, 13, 14, 15, 16, 18, 19, 20, 21, 26, 29, 30, 33, 34, 35, 36, 37, 38, 39, 40, 41, 44, 51, 107, 247, 284, 295, 316], "summary": {"covered_lines": 28, "num_statements": 173, "percent_covered": 12.903225806451612, "percent_covered_display": "13", "missing_lines": 145, "excluded_lines": 2, "percent_statements_covered": 16.184971098265898, "percent_statements_covered_display": "16", "num_branches": 44, "num_partial_branches": 0, "covered_branches": 0, "missing_branches": 44, "percent_branches_covered": 0.0, "percent_branches_covered_display": "0"}, "missing_lines": [47, 48, 62, 63, 66, 90, 91, 92, 94, 95, 97, 98, 100, 104, 118, 119, 122, 125, 126, 127, 128, 129, 130, 131, 132, 135, 136, 137, 138, 139, 140, 141, 142, 145, 146, 147, 148, 149, 150, 152, 153, 154, 157, 158, 159, 160, 163, 164, 165, 166, 167, 168, 169, 172, 173, 174, 175, 176, 177, 178, 181, 182, 183, 184, 185, 186, 187, 190, 191, 192, 195, 196, 197, 198, 199, 201, 202, 203, 204, 205, 206, 207, 208, 209, 210, 211, 214, 215, 216, 217, 218, 219, 222, 223, 224, 227, 230, 231, 232, 234, 235, 237, 238, 240, 244, 258, 259, 261, 267, 268, 269, 271, 272, 274, 275, 277, 281, 286, 297, 318, 319, 320, 321, 322, 323, 324, 325, 326, 327, 328, 329, 330, 331, 332, 333, 334, 335, 336, 337, 338, 339, 340, 341, 342, 343], "excluded_lines": [23, 24], "executed_branches": [], "missing_branches": [[145, 146], [145, 157], [149, 150], [149, 152], [152, 153], [152, 154], [164, 165], [164, 172], [167, 168], [167, 169], [173, 174], [173, 181], [176, 177], [176, 178], [182, 183], [182, 190], [185, 186], [185, 187], [190, 191], [190, 214], [196, 197], [196, 201], [197, 198], [197, 199], [201, 202], [201, 214], [205, 206], [205, 211], [207, 208], [207, 209], [214, 215], [214, 222], [217, 218], [217, 219], [325, 326], [325, 328], [328, 329], [328, 333], [330, 331], [330, 332], [333, 334], [333, 341], [337, 338], [337, 339]], "functions": {"_get_fingerprint": {"executed_lines": [], "summary": {"covered_lines": 0, "num_statements": 2, "percent_covered": 0.0, "percent_covered_display": "0", "missing_lines": 2, "excluded_lines": 0, "percent_statements_covered": 0.0, "percent_statements_covered_display": "0", "num_branches": 0, "num_partial_branches": 0, "covered_branches": 0, "missing_branches": 0, "percent_branches_covered": 100.0, "percent_branches_covered_display": "100"}, "missing_lines": [47, 48], "excluded_lines": [], "start_line": 44, "executed_branches": [], "missing_branches": []}, "export_report_json": {"executed_lines": [], "summary": {"covered_lines": 0, "num_statements": 12, "percent_covered": 0.0, "percent_covered_display": "0", "missing_lines": 12, "excluded_lines": 0, "percent_statements_covered": 0.0, "percent_statements_covered_display": "0", "num_branches": 0, "num_partial_branches": 0, "covered_branches": 0, "missing_branches": 0, "percent_branches_covered": 100.0, "percent_branches_covered_display": "100"}, "missing_lines": [62, 63, 66, 90, 91, 92, 94, 95, 97, 98, 100, 104], "excluded_lines": [], "start_line": 51, "executed_branches": [], "missing_branches": []}, "export_report_markdown": {"executed_lines": [], "summary": {"covered_lines": 0, "num_statements": 91, "percent_covered": 0.0, "percent_covered_display": "0", "missing_lines": 91, "excluded_lines": 0, "percent_statements_covered": 0.0, "percent_statements_covered_display": "0", "num_branches": 34, "num_partial_branches": 0, "covered_branches": 0, "missing_branches": 34, "percent_branches_covered": 0.0, "percent_branches_covered_display": "0"}, "missing_lines": [118, 119, 122, 125, 126, 127, 128, 129, 130, 131, 132, 135, 136, 137, 138, 139, 140, 141, 142, 145, 146, 147, 148, 149, 150, 152, 153, 154, 157, 158, 159, 160, 163, 164, 165, 166, 167, 168, 169, 172, 173, 174, 175, 176, 177, 178, 181, 182, 183, 184, 185, 186, 187, 190, 191, 192, 195, 196, 197, 198, 199, 201, 202, 203, 204, 205, 206, 207, 208, 209, 210, 211, 214, 215, 216, 217, 218, 219, 222, 223, 224, 227, 230, 231, 232, 234, 235, 237, 238, 240, 244], "excluded_lines": [], "start_line": 107, "executed_branches": [], "missing_branches": [[145, 146], [145, 157], [149, 150], [149, 152], [152, 153], [152, 154], [164, 165], [164, 172], [167, 168], [167, 169], [173, 174], [173, 181], [176, 177], [176, 178], [182, 183], [182, 190], [185, 186], [185, 187], [190, 191], [190, 214], [196, 197], [196, 201], [197, 198], [197, 199], [201, 202], [201, 214], [205, 206], [205, 211], [207, 208], [207, 209], [214, 215], [214, 222], [217, 218], [217, 219]]}, "export_alerts_json": {"executed_lines": [], "summary": {"covered_lines": 0, "num_statements": 12, "percent_covered": 0.0, "percent_covered_display": "0", "missing_lines": 12, "excluded_lines": 0, "percent_statements_covered": 0.0, "percent_statements_covered_display": "0", "num_branches": 0, "num_partial_branches": 0, "covered_branches": 0, "missing_branches": 0, "percent_branches_covered": 100.0, "percent_branches_covered_display": "100"}, "missing_lines": [258, 259, 261, 267, 268, 269, 271, 272, 274, 275, 277, 281], "excluded_lines": [], "start_line": 247, "executed_branches": [], "missing_branches": []}, "_entity_to_dict": {"executed_lines": [], "summary": {"covered_lines": 0, "num_statements": 1, "percent_covered": 0.0, "percent_covered_display": "0", "missing_lines": 1, "excluded_lines": 0, "percent_statements_covered": 0.0, "percent_statements_covered_display": "0", "num_branches": 0, "num_partial_branches": 0, "covered_branches": 0, "missing_branches": 0, "percent_branches_covered": 100.0, "percent_branches_covered_display": "100"}, "missing_lines": [286], "excluded_lines": [], "start_line": 284, "executed_branches": [], "missing_branches": []}, "_alert_to_dict": {"executed_lines": [], "summary": {"covered_lines": 0, "num_statements": 1, "percent_covered": 0.0, "percent_covered_display": "0", "missing_lines": 1, "excluded_lines": 0, "percent_statements_covered": 0.0, "percent_statements_covered_display": "0", "num_branches": 0, "num_partial_branches": 0, "covered_branches": 0, "missing_branches": 0, "percent_branches_covered": 100.0, "percent_branches_covered_display": "100"}, "missing_lines": [297], "excluded_lines": [], "start_line": 295, "executed_branches": [], "missing_branches": []}, "_alert_to_markdown": {"executed_lines": [], "summary": {"covered_lines": 0, "num_statements": 26, "percent_covered": 0.0, "percent_covered_display": "0", "missing_lines": 26, "excluded_lines": 0, "percent_statements_covered": 0.0, "percent_statements_covered_display": "0", "num_branches": 10, "num_partial_branches": 0, "covered_branches": 0, "missing_branches": 10, "percent_branches_covered": 0.0, "percent_branches_covered_display": "0"}, "missing_lines": [318, 319, 320, 321, 322, 323, 324, 325, 326, 327, 328, 329, 330, 331, 332, 333, 334, 335, 336, 337, 338, 339, 340, 341, 342, 343], "excluded_lines": [], "start_line": 316, "executed_branches": [], "missing_branches": [[325, 326], [325, 328], [328, 329], [328, 333], [330, 331], [330, 332], [333, 334], [333, 341], [337, 338], [337, 339]]}, "": {"executed_lines": [12, 13, 14, 15, 16, 18, 19, 20, 21, 26, 29, 30, 33, 34, 35, 36, 37, 38, 39, 40, 41, 44, 51, 107, 247, 284, 295, 316], "summary": {"covered_lines": 28, "num_statements": 28, "percent_covered": 100.0, "percent_covered_display": "100", "missing_lines": 0, "excluded_lines": 2, "percent_statements_covered": 100.0, "percent_statements_covered_display": "100", "num_branches": 0, "num_partial_branches": 0, "covered_branches": 0, "missing_branches": 0, "percent_branches_covered": 100.0, "percent_branches_covered_display": "100"}, "missing_lines": [], "excluded_lines": [23, 24], "start_line": 1, "executed_branches": [], "missing_branches": []}}, "classes": {"ReportProtocol": {"executed_lines": [], "summary": {"covered_lines": 0, "num_statements": 0, "percent_covered": 100.0, "percent_covered_display": "100", "missing_lines": 0, "excluded_lines": 0, "percent_statements_covered": 100.0, "percent_statements_covered_display": "100", "num_branches": 0, "num_partial_branches": 0, "covered_branches": 0, "missing_branches": 0, "percent_branches_covered": 100.0, "percent_branches_covered_display": "100"}, "missing_lines": [], "excluded_lines": [], "start_line": 30, "executed_branches": [], "missing_branches": []}, "": {"executed_lines": [12, 13, 14, 15, 16, 18, 19, 20, 21, 26, 29, 30, 33, 34, 35, 36, 37, 38, 39, 40, 41, 44, 51, 107, 247, 284, 295, 316], "summary": {"covered_lines": 28, "num_statements": 173, "percent_covered": 12.903225806451612, "percent_covered_display": "13", "missing_lines": 145, "excluded_lines": 2, "percent_statements_covered": 16.184971098265898, "percent_statements_covered_display": "16", "num_branches": 44, "num_partial_branches": 0, "covered_branches": 0, "missing_branches": 44, "percent_branches_covered": 0.0, "percent_branches_covered_display": "0"}, "missing_lines": [47, 48, 62, 63, 66, 90, 91, 92, 94, 95, 97, 98, 100, 104, 118, 119, 122, 125, 126, 127, 128, 129, 130, 131, 132, 135, 136, 137, 138, 139, 140, 141, 142, 145, 146, 147, 148, 149, 150, 152, 153, 154, 157, 158, 159, 160, 163, 164, 165, 166, 167, 168, 169, 172, 173, 174, 175, 176, 177, 178, 181, 182, 183, 184, 185, 186, 187, 190, 191, 192, 195, 196, 197, 198, 199, 201, 202, 203, 204, 205, 206, 207, 208, 209, 210, 211, 214, 215, 216, 217, 218, 219, 222, 223, 224, 227, 230, 231, 232, 234, 235, 237, 238, 240, 244, 258, 259, 261, 267, 268, 269, 271, 272, 274, 275, 277, 281, 286, 297, 318, 319, 320, 321, 322, 323, 324, 325, 326, 327, 328, 329, 330, 331, 332, 333, 334, 335, 336, 337, 338, 339, 340, 341, 342, 343], "excluded_lines": [23, 24], "start_line": 1, "executed_branches": [], "missing_branches": [[145, 146], [145, 157], [149, 150], [149, 152], [152, 153], [152, 154], [164, 165], [164, 172], [167, 168], [167, 169], [173, 174], [173, 181], [176, 177], [176, 178], [182, 183], [182, 190], [185, 186], [185, 187], [190, 191], [190, 214], [196, 197], [196, 201], [197, 198], [197, 199], [201, 202], [201, 214], [205, 206], [205, 211], [207, 208], [207, 209], [214, 215], [214, 222], [217, 218], [217, 219], [325, 326], [325, 328], [328, 329], [328, 333], [330, 331], [330, 332], [333, 334], [333, 341], [337, 338], [337, 339]]}}}, "src\\narrative_assistant\\pipelines\\ua_alerts.py": {"executed_lines": [7, 9, 10, 11, 16, 17, 19, 22, 36, 38, 39, 40, 42, 45, 47, 52, 78, 79, 82, 83, 88, 107, 108, 111, 112, 124, 125, 128, 129, 142, 143, 146, 147, 148, 149, 150, 151, 152, 164, 172, 173, 176, 177, 178, 179, 195, 196, 199, 200, 205, 210, 232, 233, 236, 237, 238, 239, 240, 242, 261, 262, 265, 266, 267, 268, 269, 282, 283, 286, 287, 291, 292, 302, 303, 306, 326, 327, 328, 330, 331, 332, 333, 334, 335, 337, 343, 349, 365, 366, 369, 392, 421, 422, 425, 919, 920, 922, 923], "summary": {"covered_lines": 98, "num_statements": 270, "percent_covered": 34.688995215311, "percent_covered_display": "35", "missing_lines": 172, "excluded_lines": 5, "percent_statements_covered": 36.2962962962963, "percent_statements_covered_display": "36", "num_branches": 148, "num_partial_branches": 21, "covered_branches": 47, "missing_branches": 101, "percent_branches_covered": 31.756756756756758, "percent_branches_covered_display": "32"}, "missing_lines": [161, 162, 307, 308, 309, 310, 322, 323, 350, 362, 363, 370, 371, 386, 387, 388, 389, 393, 394, 400, 401, 415, 416, 417, 418, 426, 427, 428, 431, 466, 467, 468, 469, 472, 473, 474, 475, 476, 477, 496, 497, 498, 499, 502, 503, 504, 505, 506, 507, 509, 510, 511, 518, 519, 521, 552, 553, 554, 555, 558, 559, 560, 561, 562, 563, 564, 566, 567, 568, 569, 571, 593, 594, 595, 596, 599, 600, 601, 602, 604, 627, 628, 629, 630, 633, 634, 635, 636, 637, 638, 639, 641, 661, 662, 663, 664, 667, 668, 669, 670, 671, 672, 674, 675, 676, 677, 678, 680, 701, 702, 703, 704, 707, 708, 709, 710, 711, 734, 735, 736, 737, 740, 741, 742, 748, 762, 763, 764, 765, 768, 769, 770, 776, 788, 789, 790, 791, 794, 795, 796, 802, 814, 815, 816, 817, 820, 821, 822, 828, 840, 841, 842, 843, 846, 847, 848, 854, 868, 869, 870, 871, 874, 875, 877, 912, 913, 914, 915, 917, 925, 927, 932], "excluded_lines": [13, 14, 31, 32, 34], "executed_branches": [[45, 47], [45, 82], [78, 45], [78, 79], [82, 83], [82, 111], [107, 108], [111, 112], [111, 128], [124, 125], [128, 129], [128, 146], [142, 143], [146, 147], [146, 176], [149, 150], [150, 151], [150, 164], [151, 152], [172, 173], [176, 177], [176, 199], [195, 196], [199, 200], [199, 236], [232, 233], [236, 237], [236, 265], [261, 262], [265, 266], [265, 286], [267, 268], [267, 286], [268, 269], [282, 283], [286, 287], [286, 306], [291, 292], [302, 303], [306, 326], [332, 333], [332, 337], [334, 335], [349, 369], [369, 392], [392, 421], [421, 422]], "missing_branches": [[107, 82], [124, 111], [142, 128], [149, 164], [151, 161], [161, 150], [161, 162], [172, 146], [195, 176], [232, 199], [261, 236], [268, 267], [282, 267], [291, 286], [302, 286], [306, 307], [307, 306], [307, 308], [309, 306], [309, 310], [322, 306], [322, 323], [334, 332], [349, 350], [362, 349], [362, 363], [369, 370], [386, 369], [386, 387], [392, 393], [415, 392], [415, 416], [421, 472], [425, 426], [425, 472], [426, 425], [426, 427], [466, 425], [466, 467], [472, 473], [472, 502], [496, 472], [496, 497], [502, 503], [502, 558], [504, 505], [504, 509], [552, 502], [552, 553], [558, 559], [558, 599], [560, 561], [560, 566], [593, 558], [593, 594], [599, 600], [599, 633], [627, 599], [627, 628], [633, 634], [633, 667], [661, 633], [661, 662], [667, 668], [667, 707], [675, 676], [675, 677], [677, 678], [677, 680], [701, 667], [701, 702], [707, 708], [707, 740], [709, 710], [709, 740], [734, 709], [734, 735], [740, 741], [740, 768], [762, 740], [762, 763], [768, 769], [768, 794], [788, 768], [788, 789], [794, 795], [794, 820], [814, 794], [814, 815], [820, 821], [820, 846], [840, 820], [840, 841], [846, 847], [846, 874], [868, 846], [868, 869], [874, 875], [874, 917], [912, 874], [912, 913]], "functions": {"PipelineAlertsMixin._generate_all_alerts": {"executed_lines": [38, 39, 40, 42, 45, 47, 52, 78, 79, 82, 83, 88, 107, 108, 111, 112, 124, 125, 128, 129, 142, 143, 146, 147, 148, 149, 150, 151, 152, 164, 172, 173, 176, 177, 178, 179, 195, 196, 199, 200, 205, 210, 232, 233, 236, 237, 238, 239, 240, 242, 261, 262, 265, 266, 267, 268, 269, 282, 283, 286, 287, 291, 292, 302, 303, 306, 326, 327, 328, 330, 331, 332, 333, 334, 335, 337, 343, 349, 365, 366, 369, 392, 421, 422, 425, 919, 920], "summary": {"covered_lines": 87, "num_statements": 256, "percent_covered": 33.16831683168317, "percent_covered_display": "33", "missing_lines": 169, "excluded_lines": 0, "percent_statements_covered": 33.984375, "percent_statements_covered_display": "34", "num_branches": 148, "num_partial_branches": 21, "covered_branches": 47, "missing_branches": 101, "percent_branches_covered": 31.756756756756758, "percent_branches_covered_display": "32"}, "missing_lines": [161, 162, 307, 308, 309, 310, 322, 323, 350, 362, 363, 370, 371, 386, 387, 388, 389, 393, 394, 400, 401, 415, 416, 417, 418, 426, 427, 428, 431, 466, 467, 468, 469, 472, 473, 474, 475, 476, 477, 496, 497, 498, 499, 502, 503, 504, 505, 506, 507, 509, 510, 511, 518, 519, 521, 552, 553, 554, 555, 558, 559, 560, 561, 562, 563, 564, 566, 567, 568, 569, 571, 593, 594, 595, 596, 599, 600, 601, 602, 604, 627, 628, 629, 630, 633, 634, 635, 636, 637, 638, 639, 641, 661, 662, 663, 664, 667, 668, 669, 670, 671, 672, 674, 675, 676, 677, 678, 680, 701, 702, 703, 704, 707, 708, 709, 710, 711, 734, 735, 736, 737, 740, 741, 742, 748, 762, 763, 764, 765, 768, 769, 770, 776, 788, 789, 790, 791, 794, 795, 796, 802, 814, 815, 816, 817, 820, 821, 822, 828, 840, 841, 842, 843, 846, 847, 848, 854, 868, 869, 870, 871, 874, 875, 877, 912, 913, 914, 915, 917], "excluded_lines": [], "start_line": 36, "executed_branches": [[45, 47], [45, 82], [78, 45], [78, 79], [82, 83], [82, 111], [107, 108], [111, 112], [111, 128], [124, 125], [128, 129], [128, 146], [142, 143], [146, 147], [146, 176], [149, 150], [150, 151], [150, 164], [151, 152], [172, 173], [176, 177], [176, 199], [195, 196], [199, 200], [199, 236], [232, 233], [236, 237], [236, 265], [261, 262], [265, 266], [265, 286], [267, 268], [267, 286], [268, 269], [282, 283], [286, 287], [286, 306], [291, 292], [302, 303], [306, 326], [332, 333], [332, 337], [334, 335], [349, 369], [369, 392], [392, 421], [421, 422]], "missing_branches": [[107, 82], [124, 111], [142, 128], [149, 164], [151, 161], [161, 150], [161, 162], [172, 146], [195, 176], [232, 199], [261, 236], [268, 267], [282, 267], [291, 286], [302, 286], [306, 307], [307, 306], [307, 308], [309, 306], [309, 310], [322, 306], [322, 323], [334, 332], [349, 350], [362, 349], [362, 363], [369, 370], [386, 369], [386, 387], [392, 393], [415, 392], [415, 416], [421, 472], [425, 426], [425, 472], [426, 425], [426, 427], [466, 425], [466, 467], [472, 473], [472, 502], [496, 472], [496, 497], [502, 503], [502, 558], [504, 505], [504, 509], [552, 502], [552, 553], [558, 559], [558, 599], [560, 561], [560, 566], [593, 558], [593, 594], [599, 600], [599, 633], [627, 599], [627, 628], [633, 634], [633, 667], [661, 633], [661, 662], [667, 668], [667, 707], [675, 676], [675, 677], [677, 678], [677, 680], [701, 667], [701, 702], [707, 708], [707, 740], [709, 710], [709, 740], [734, 709], [734, 735], [740, 741], [740, 768], [762, 740], [762, 763], [768, 769], [768, 794], [788, 768], [788, 789], [794, 795], [794, 820], [814, 794], [814, 815], [820, 821], [820, 846], [840, 820], [840, 841], [846, 847], [846, 874], [868, 846], [868, 869], [874, 875], [874, 917], [912, 874], [912, 913]]}, "PipelineAlertsMixin._map_speech_severity": {"executed_lines": [], "summary": {"covered_lines": 0, "num_statements": 3, "percent_covered": 0.0, "percent_covered_display": "0", "missing_lines": 3, "excluded_lines": 0, "percent_statements_covered": 0.0, "percent_statements_covered_display": "0", "num_branches": 0, "num_partial_branches": 0, "covered_branches": 0, "missing_branches": 0, "percent_branches_covered": 100.0, "percent_branches_covered_display": "100"}, "missing_lines": [925, 927, 932], "excluded_lines": [], "start_line": 923, "executed_branches": [], "missing_branches": []}, "": {"executed_lines": [7, 9, 10, 11, 16, 17, 19, 22, 36, 922, 923], "summary": {"covered_lines": 11, "num_statements": 11, "percent_covered": 100.0, "percent_covered_display": "100", "missing_lines": 0, "excluded_lines": 5, "percent_statements_covered": 100.0, "percent_statements_covered_display": "100", "num_branches": 0, "num_partial_branches": 0, "covered_bran
[...]
: 4, "percent_branches_covered": 0.0, "percent_branches_covered_display": "0"}, "missing_lines": [936, 937, 938, 939, 941, 948, 949, 953, 954, 955], "excluded_lines": [], "start_line": 934, "executed_branches": [], "missing_branches": [[948, 949], [948, 953], [953, -934], [953, 954]]}, "UnifiedAnalysisPipeline._log_memory_summary": {"executed_lines": [], "summary": {"covered_lines": 0, "num_statements": 7, "percent_covered": 0.0, "percent_covered_display": "0", "missing_lines": 7, "excluded_lines": 0, "percent_statements_covered": 0.0, "percent_statements_covered_display": "0", "num_branches": 2, "num_partial_branches": 0, "covered_branches": 0, "missing_branches": 2, "percent_branches_covered": 0.0, "percent_branches_covered_display": "0"}, "missing_lines": [959, 960, 961, 964, 965, 966, 970], "excluded_lines": [], "start_line": 957, "executed_branches": [], "missing_branches": [[960, 961], [960, 964]]}, "UnifiedAnalysisPipeline._phase_1_parsing": {"executed_lines": [], "summary": {"covered_lines": 0, "num_statements": 45, "percent_covered": 0.0, "percent_covered_display": "0", "missing_lines": 45, "excluded_lines": 0, "percent_statements_covered": 0.0, "percent_statements_covered_display": "0", "num_branches": 16, "num_partial_branches": 0, "covered_branches": 0, "missing_branches": 16, "percent_branches_covered": 0.0, "percent_branches_covered_display": "0"}, "missing_lines": [987, 990, 991, 995, 996, 997, 998, 999, 1001, 1002, 1003, 1004, 1006, 1007, 1008, 1009, 1010, 1013, 1014, 1017, 1018, 1020, 1021, 1022, 1023, 1024, 1026, 1027, 1034, 1035, 1036, 1037, 1040, 1041, 1042, 1045, 1046, 1049, 1050, 1053, 1054, 1056, 1057, 1059, 1060], "excluded_lines": [], "start_line": 976, "executed_branches": [], "missing_branches": [[990, 991], [990, 995], [1003, 1004], [1003, 1006], [1021, 1022], [1021, 1026], [1023, 1024], [1023, 1040], [1034, 1035], [1034, 1036], [1045, 1046], [1045, 1049], [1049, 1050], [1049, 1053], [1053, 1054], [1053, 1056]]}, "UnifiedAnalysisPipeline._detect_structure": {"executed_lines": [], "summary": {"covered_lines": 0, "num_statements": 11, "percent_covered": 0.0, "percent_covered_display": "0", "missing_lines": 11, "excluded_lines": 0, "percent_statements_covered": 0.0, "percent_statements_covered_display": "0", "num_branches": 4, "num_partial_branches": 0, "covered_branches": 0, "missing_branches": 4, "percent_branches_covered": 0.0, "percent_branches_covered_display": "0"}, "missing_lines": [1066, 1067, 1069, 1070, 1072, 1073, 1074, 1075, 1085, 1087, 1088], "excluded_lines": [], "start_line": 1064, "executed_branches": [], "missing_branches": [[1072, -1064], [1072, 1073], [1073, 1074], [1073, 1085]]}, "UnifiedAnalysisPipeline._classify_document": {"executed_lines": [], "summary": {"covered_lines": 0, "num_statements": 13, "percent_covered": 0.0, "percent_covered_display": "0", "missing_lines": 13, "excluded_lines": 0, "percent_statements_covered": 0.0, "percent_statements_covered_display": "0", "num_branches": 0, "num_partial_branches": 0, "covered_branches": 0, "missing_branches": 0, "percent_branches_covered": 100.0, "percent_branches_covered_display": "100"}, "missing_lines": [1105, 1106, 1108, 1110, 1111, 1118, 1119, 1121, 1127, 1129, 1130, 1131, 1132], "excluded_lines": [], "start_line": 1090, "executed_branches": [], "missing_branches": []}, "UnifiedAnalysisPipeline._adjust_config_for_document_type": {"executed_lines": [], "summary": {"covered_lines": 0, "num_statements": 5, "percent_covered": 0.0, "percent_covered_display": "0", "missing_lines": 5, "excluded_lines": 0, "percent_statements_covered": 0.0, "percent_statements_covered_display": "0", "num_branches": 6, "num_partial_branches": 0, "covered_branches": 0, "missing_branches": 6, "percent_branches_covered": 0.0, "percent_branches_covered_display": "0"}, "missing_lines": [1144, 1145, 1146, 1150, 1151], "excluded_lines": [], "start_line": 1134, "executed_branches": [], "missing_branches": [[1144, -1134], [1144, 1145], [1145, 1146], [1145, 1150], [1150, -1134], [1150, 1151]]}, "UnifiedAnalysisPipeline._detect_dialogues": {"executed_lines": [], "summary": {"covered_lines": 0, "num_statements": 23, "percent_covered": 0.0, "percent_covered_display": "0", "missing_lines": 23, "excluded_lines": 0, "percent_statements_covered": 0.0, "percent_statements_covered_display": "0", "num_branches": 14, "num_partial_branches": 0, "covered_branches": 0, "missing_branches": 14, "percent_branches_covered": 0.0, "percent_branches_covered_display": "0"}, "missing_lines": [1164, 1165, 1167, 1169, 1170, 1171, 1184, 1185, 1188, 1189, 1190, 1191, 1192, 1193, 1194, 1195, 1196, 1197, 1199, 1200, 1201, 1205, 1206], "excluded_lines": [], "start_line": 1156, "executed_branches": [], "missing_branches": [[1169, -1156], [1169, 1170], [1170, 1171], [1170, 1188], [1184, 1170], [1184, 1185], [1188, 1189], [1188, 1199], [1189, 1190], [1189, 1199], [1191, 1189], [1191, 1192], [1195, 1191], [1195, 1196]]}, "UnifiedAnalysisPipeline._run_parallel_tasks": {"executed_lines": [], "summary": {"covered_lines": 0, "num_statements": 13, "percent_covered": 0.0, "percent_covered_display": "0", "missing_lines": 13, "excluded_lines": 0, "percent_statements_covered": 0.0, "percent_statements_covered_display": "0", "num_branches": 4, "num_partial_branches": 0, "covered_branches": 0, "missing_branches": 4, "percent_branches_covered": 0.0, "percent_branches_covered_display": "0"}, "missing_lines": [1257, 1259, 1260, 1262, 1263, 1264, 1265, 1266, 1267, 1268, 1269, 1271, 1272], "excluded_lines": [], "start_line": 1248, "executed_branches": [], "missing_branches": [[1262, 1263], [1262, 1271], [1271, -1248], [1271, 1272]]}, "UnifiedAnalysisPipeline._persist_attributes": {"executed_lines": [], "summary": {"covered_lines": 0, "num_statements": 28, "percent_covered": 0.0, "percent_covered_display": "0", "missing_lines": 28, "excluded_lines": 0, "percent_statements_covered": 0.0, "percent_statements_covered_display": "0", "num_branches": 12, "num_partial_branches": 0, "covered_branches": 0, "missing_branches": 12, "percent_branches_covered": 0.0, "percent_branches_covered_display": "0"}, "missing_lines": [1278, 1279, 1281, 1282, 1285, 1287, 1288, 1289, 1290, 1293, 1294, 1304, 1305, 1306, 1307, 1308, 1309, 1310, 1311, 1312, 1313, 1315, 1317, 1318, 1332, 1334, 1336, 1337], "excluded_lines": [], "start_line": 1276, "executed_branches": [], "missing_branches": [[1287, 1288], [1287, 1334], [1289, 1290], [1289, 1293], [1306, 1307], [1306, 1308], [1308, 1309], [1308, 1310], [1310, 1311], [1310, 1312], [1312, 1313], [1312, 1315]]}, "UnifiedAnalysisPipeline._clear_project_data": {"executed_lines": [], "summary": {"covered_lines": 0, "num_statements": 9, "percent_covered": 0.0, "percent_covered_display": "0", "missing_lines": 9, "excluded_lines": 0, "percent_statements_covered": 0.0, "percent_statements_covered_display": "0", "num_branches": 0, "num_partial_branches": 0, "covered_branches": 0, "missing_branches": 0, "percent_branches_covered": 100.0, "percent_branches_covered_display": "100"}, "missing_lines": [1341, 1342, 1344, 1345, 1346, 1347, 1351, 1353, 1354], "excluded_lines": [], "start_line": 1339, "executed_branches": [], "missing_branches": []}, "UnifiedAnalysisPipeline._enrich_chapter_metrics": {"executed_lines": [], "summary": {"covered_lines": 0, "num_statements": 22, "percent_covered": 0.0, "percent_covered_display": "0", "missing_lines": 22, "excluded_lines": 0, "percent_statements_covered": 0.0, "percent_statements_covered_display": "0", "num_branches": 12, "num_partial_branches": 0, "covered_branches": 0, "missing_branches": 12, "percent_branches_covered": 0.0, "percent_branches_covered_display": "0"}, "missing_lines": [1364, 1365, 1367, 1368, 1373, 1374, 1375, 1376, 1379, 1385, 1386, 1387, 1388, 1389, 1391, 1392, 1393, 1394, 1396, 1397, 1399, 1400], "excluded_lines": [], "start_line": 1356, "executed_branches": [], "missing_branches": [[1364, 1365], [1364, 1367], [1375, 1376], [1375, 1379], [1386, 1387], [1386, 1396], [1388, 1389], [1388, 1391], [1392, 1386], [1392, 1393], [1396, -1356], [1396, 1397]]}, "UnifiedAnalysisPipeline._build_report": {"executed_lines": [], "summary": {"covered_lines": 0, "num_statements": 1, "percent_covered": 0.0, "percent_covered_display": "0", "missing_lines": 1, "excluded_lines": 0, "percent_statements_covered": 0.0, "percent_statements_covered_display": "0", "num_branches": 0, "num_partial_branches": 0, "covered_branches": 0, "missing_branches": 0, "percent_branches_covered": 100.0, "percent_branches_covered_display": "100"}, "missing_lines": [1404], "excluded_lines": [], "start_line": 1402, "executed_branches": [], "missing_branches": []}, "run_unified_analysis": {"executed_lines": [], "summary": {"covered_lines": 0, "num_statements": 2, "percent_covered": 0.0, "percent_covered_display": "0", "missing_lines": 2, "excluded_lines": 0, "percent_statements_covered": 0.0, "percent_statements_covered_display": "0", "num_branches": 0, "num_partial_branches": 0, "covered_branches": 0, "missing_branches": 0, "percent_branches_covered": 100.0, "percent_branches_covered_display": "100"}, "missing_lines": [1461, 1462], "excluded_lines": [], "start_line": 1443, "executed_branches": [], "missing_branches": []}, "": {"executed_lines": [42, 43, 44, 45, 46, 47, 48, 49, 50, 51, 53, 54, 55, 56, 57, 58, 59, 60, 61, 63, 66, 77, 80, 81, 82, 83, 84, 85, 86, 87, 90, 91, 99, 100, 103, 104, 105, 106, 107, 108, 109, 110, 111, 114, 115, 116, 117, 118, 119, 120, 121, 122, 123, 124, 125, 126, 129, 130, 131, 132, 133, 134, 137, 138, 139, 140, 141, 142, 143, 146, 147, 148, 149, 150, 151, 152, 153, 156, 157, 158, 159, 160, 163, 164, 165, 168, 169, 170, 171, 173, 178, 236, 244, 245, 272, 273, 302, 303, 332, 333, 364, 365, 373, 374, 377, 378, 379, 380, 381, 382, 385, 386, 389, 390, 393, 394, 397, 398, 399, 402, 403, 404, 405, 406, 407, 410, 411, 412, 413, 414, 415, 416, 417, 418, 419, 420, 421, 422, 423, 426, 427, 430, 431, 432, 433, 434, 435, 436, 437, 438, 439, 440, 441, 442, 443, 446, 449, 450, 451, 454, 455, 458, 461, 462, 464, 469, 475, 476, 479, 480, 481, 482, 485, 486, 487, 488, 489, 490, 493, 494, 497, 498, 499, 500, 501, 504, 505, 506, 507, 508, 511, 512, 513, 516, 517, 518, 520, 521, 527, 545, 557, 577, 588, 758, 865, 876, 897, 910, 934, 957, 976, 1064, 1090, 1134, 1156, 1248, 1276, 1339, 1356, 1402, 1443], "summary": {"covered_lines": 221, "num_statements": 221, "percent_covered": 100.0, "percent_covered_display": "100", "missing_lines": 0, "excluded_lines": 0, "percent_statements_covered": 100.0, "percent_statements_covered_display": "100", "num_branches": 0, "num_partial_branches": 0, "covered_branches": 0, "missing_branches": 0, "percent_branches_covered": 100.0, "percent_branches_covered_display": "100"}, "missing_lines": [], "excluded_lines": [], "start_line": 1, "executed_branches": [], "missing_branches": []}}, "classes": {"AnalysisPhase": {"executed_lines": [], "summary": {"covered_lines": 0, "num_statements": 0, "percent_covered": 100.0, "percent_covered_display": "100", "missing_lines": 0, "excluded_lines": 0, "percent_statements_covered": 100.0, "percent_statements_covered_display": "100", "num_branches": 0, "num_partial_branches": 0, "covered_branches": 0, "missing_branches": 0, "percent_branches_covered": 100.0, "percent_branches_covered_display": "100"}, "missing_lines": [], "excluded_lines": [], "start_line": 77, "executed_branches": [], "missing_branches": []}, "UnifiedConfig": {"executed_lines": [], "summary": {"covered_lines": 0, "num_statements": 35, "percent_covered": 0.0, "percent_covered_display": "0", "missing_lines": 35, "excluded_lines": 0, "percent_statements_covered": 0.0, "percent_statements_covered_display": "0", "num_branches": 22, "num_partial_branches": 0, "covered_branches": 0, "missing_branches": 22, "percent_branches_covered": 0.0, "percent_branches_covered_display": "0"}, "missing_lines": [175, 176, 181, 182, 186, 189, 190, 191, 194, 195, 196, 199, 200, 201, 204, 205, 209, 212, 213, 214, 217, 218, 219, 222, 223, 227, 230, 231, 239, 241, 242, 247, 275, 305, 335], "excluded_lines": [], "start_line": 91, "executed_branches": [], "missing_branches": [[181, 182], [181, 189], [189, 190], [189, 194], [194, 195], [194, 199], [199, 200], [199, 204], [204, 205], [204, 212], [212, 213], [212, 217], [217, 218], [217, 222], [222, 223], [222, 230], [230, -178], [230, 231], [239, -236], [239, 241], [241, -236], [241, 242]]}, "AnalysisContext": {"executed_lines": [], "summary": {"covered_lines": 0, "num_statements": 4, "percent_covered": 0.0, "percent_covered_display": "0", "missing_lines": 4, "excluded_lines": 0, "percent_statements_covered": 0.0, "percent_statements_covered_display": "0", "num_branches": 0, "num_partial_branches": 0, "covered_branches": 0, "missing_branches": 0, "percent_branches_covered": 100.0, "percent_branches_covered_display": "100"}, "missing_lines": [466, 467, 471, 472], "excluded_lines": [], "start_line": 365, "executed_branches": [], "missing_branches": []}, "UnifiedReport": {"executed_lines": [], "summary": {"covered_lines": 0, "num_statements": 3, "percent_covered": 0.0, "percent_covered_display": "0", "missing_lines": 3, "excluded_lines": 0, "percent_statements_covered": 0.0, "percent_statements_covered_display": "0", "num_branches": 2, "num_partial_branches": 0, "covered_branches": 0, "missing_branches": 2, "percent_branches_covered": 0.0, "percent_branches_covered_display": "0"}, "missing_lines": [522, 523, 524], "excluded_lines": [], "start_line": 476, "executed_branches": [], "missing_branches": [[522, 523], [522, 524]]}, "UnifiedAnalysisPipeline": {"executed_lines": [], "summary": {"covered_lines": 0, "num_statements": 355, "percent_covered": 0.0, "percent_covered_display": "0", "missing_lines": 355, "excluded_lines": 0, "percent_statements_covered": 0.0, "percent_statements_covered_display": "0", "num_branches": 138, "num_partial_branches": 0, "covered_branches": 0, "missing_branches": 138, "percent_branches_covered": 0.0, "percent_branches_covered_display": "0"}, "missing_lines": [546, 547, 548, 549, 552, 555, 559, 560, 562, 563, 565, 566, 568, 569, 573, 574, 575, 579, 580, 581, 583, 584, 585, 586, 605, 606, 611, 613, 615, 616, 618, 625, 626, 628, 631, 632, 634, 635, 636, 638, 644, 647, 648, 650, 651, 652, 654, 660, 663, 664, 666, 667, 668, 670, 676, 679, 680, 683, 684, 685, 687, 693, 696, 697, 699, 700, 701, 703, 711, 712, 713, 715, 718, 721, 722, 724, 725, 726, 727, 728, 729, 732, 733, 736, 737, 739, 741, 742, 744, 746, 747, 751, 752, 775, 776, 778, 779, 780, 781, 785, 786, 787, 788, 791, 792, 798, 799, 803, 804, 805, 807, 808, 810, 811, 812, 813, 815, 816, 817, 818, 819, 821, 822, 823, 824, 825, 831, 832, 836, 838, 839, 843, 845, 846, 847, 848, 849, 851, 857, 858, 860, 861, 862, 863, 867, 868, 872, 873, 874, 880, 881, 882, 889, 890, 894, 895, 899, 900, 901, 902, 903, 904, 905, 906, 907, 908, 912, 932, 936, 937, 938, 939, 941, 948, 949, 953, 954, 955, 959, 960, 961, 964, 965, 966, 970, 987, 990, 991, 995, 996, 997, 998, 999, 1001, 1002, 1003, 1004, 1006, 1007, 1008, 1009, 1010, 1013, 1014, 1017, 1018, 1020, 1021, 1022, 1023, 1024, 1026, 1027, 1034, 1035, 1036, 1037, 1040, 1041, 1042, 1045, 1046, 1049, 1050, 1053, 1054, 1056, 1057, 1059, 1060, 1066, 1067, 1069, 1070, 1072, 1073, 1074, 1075, 1085, 1087, 1088, 1105, 1106, 1108, 1110, 1111, 1118, 1119, 1121, 1127, 1129, 1130, 1131, 1132, 1144, 1145, 1146, 1150, 1151, 1164, 1165, 1167, 1169, 1170, 1171, 1184, 1185, 1188, 1189, 1190, 1191, 1192, 1193, 1194, 1195, 1196, 1197, 1199, 1200, 1201, 1205, 1206, 1257, 1259, 1260, 1262, 1263, 1264, 1265, 1266, 1267, 1268, 1269, 1271, 1272, 1278, 1279, 1281, 1282, 1285, 1287, 1288, 1289, 1290, 1293, 1294, 1304, 1305, 1306, 1307, 1308, 1309, 1310, 1311, 1312, 1313, 1315, 1317, 1318, 1332, 1334, 1336, 1337, 1341, 1342, 1344, 1345, 1346, 1347, 1351, 1353, 1354, 1364, 1365, 1367, 1368, 1373, 1374, 1375, 1376, 1379, 1385, 1386, 1387, 1388, 1389, 1391, 1392, 1393, 1394, 1396, 1397, 1399, 1400, 1404], "excluded_lines": [], "start_line": 527, "executed_branches": [], "missing_branches": [[565, -557], [565, 566], [568, -557], [568, 569], [579, -577], [579, 580], [615, 616], [615, 618], [625, 626], [625, 628], [631, 632], [631, 634], [635, 636], [635, 638], [647, 648], [647, 650], [651, 652], [651, 654], [663, 664], [663, 666], [667, 668], [667, 670], [679, 680], [679, 683], [684, 685], [684, 687], [696, 697], [696, 699], [700, 701], [700, 703], [711, 712], [711, 718], [712, 713], [712, 715], [732, 733], [732, 736], [741, 742], [741, 744], [780, 781], [780, 798], [787, 788], [787, 807], [798, 799], [798, 807], [817, 818], [817, 821], [821, 822], [821, 838], [823, 824], [823, 825], [860, 861], [860, 863], [867, 868], [867, 874], [880, 881], [880, 895], [900, 901], [900, 902], [902, 903], [902, 904], [904, 905], [904, 906], [906, 907], [906, 908], [948, 949], [948, 953], [953, -934], [953, 954], [960, 961], [960, 964], [990, 991], [990, 995], [1003, 1004], [1003, 1006], [1021, 1022], [1021, 1026], [1023, 1024], [1023, 1040], [1034, 1035], [1034, 1036], [1045, 1046], [1045, 1049], [1049, 1050], [1049, 1053], [1053, 1054], [1053, 1056], [1072, -1064], [1072, 1073], [1073, 1074], [1073, 1085], [1144, -1134], [1144, 1145], [1145, 1146], [1145, 1150], [1150, -1134], [1150, 1151], [1169, -1156], [1169, 1170], [1170, 1171], [1170, 1188], [1184, 1170], [1184, 1185], [1188, 1189], [1188, 1199], [1189, 1190], [1189, 1199], [1191, 1189], [1191, 1192], [1195, 1191], [1195, 1196], [1262, 1263], [1262, 1271], [1271, -1248], [1271, 1272], [1287, 1288], [1287, 1334], [1289, 1290], [1289, 1293], [1306, 1307], [1306, 1308], [1308, 1309], [1308, 1310], [1310, 1311], [1310, 1312], [1312, 1313], [1312, 1315], [1364, 1365], [1364, 1367], [1375, 1376], [1375, 1379], [1386, 1387], [1386, 1396], [1388, 1389], [1388, 1391], [1392, 1386], [1392, 1393], [1396, -1356], [1396, 1397]]}, "": {"executed_lines": [42, 43, 44, 45, 46, 47, 48, 49, 50, 51, 53, 54, 55, 56, 57, 58, 59, 60, 61, 63, 66, 77, 80, 81, 82, 83, 84, 85, 86, 87, 90, 91, 99, 100, 103, 104, 105, 106, 107, 108, 109, 110, 111, 114, 115, 116, 117, 118, 119, 120, 121, 122, 123, 124, 125, 126, 129, 130, 131, 132, 133, 134, 137, 138, 139, 140, 141, 142, 143, 146, 147, 148, 149, 150, 151, 152, 153, 156, 157, 158, 159, 160, 163, 164, 165, 168, 169, 170, 171, 173, 178, 236, 244, 245, 272, 273, 302, 303, 332, 333, 364, 365, 373, 374, 377, 378, 379, 380, 381, 382, 385, 386, 389, 390, 393, 394, 397, 398, 399, 402, 403, 404, 405, 406, 407, 410, 411, 412, 413, 414, 415, 416, 417, 418, 419, 420, 421, 422, 423, 426, 427, 430, 431, 432, 433, 434, 435, 436, 437, 438, 439, 440, 441, 442, 443, 446, 449, 450, 451, 454, 455, 458, 461, 462, 464, 469, 475, 476, 479, 480, 481, 482, 485, 486, 487, 488, 489, 490, 493, 494, 497, 498, 499, 500, 501, 504, 505, 506, 507, 508, 511, 512, 513, 516, 517, 518, 520, 521, 527, 545, 557, 577, 588, 758, 865, 876, 897, 910, 934, 957, 976, 1064, 1090, 1134, 1156, 1248, 1276, 1339, 1356, 1402, 1443], "summary": {"covered_lines": 221, "num_statements": 225, "percent_covered": 98.22222222222223, "percent_covered_display": "98", "missing_lines": 4, "excluded_lines": 0, "percent_statements_covered": 98.22222222222223, "percent_statements_covered_display": "98", "num_branches": 0, "num_partial_branches": 0, "covered_branches": 0, "missing_branches": 0, "percent_branches_covered": 100.0, "percent_branches_covered_display": "100"}, "missing_lines": [73, 74, 1461, 1462], "excluded_lines": [], "start_line": 1, "executed_branches": [], "missing_branches": []}}}}, "totals": {"covered_lines": 918, "num_statements": 3691, "percent_covered": 21.87190164584573, "percent_covered_display": "22", "missing_lines": 2773, "excluded_lines": 43, "percent_statements_covered": 24.87130858845841, "percent_statements_covered_display": "25", "num_branches": 1352, "num_partial_branches": 63, "covered_branches": 185, "missing_branches": 1167, "percent_branches_covered": 13.683431952662723, "percent_branches_covered_display": "14"}}